{"/Users/loaclme/projects/contentful-richtext-editor/src/components/ContentfulDocument.ts": {"path":"/Users/loaclme/projects/contentful-richtext-editor/src/components/ContentfulDocument.ts","statementMap":{"0":{"start":{"line":3,"column":34},"end":{"line":39,"column":2}},"1":{"start":{"line":7,"column":4},"end":{"line":16,"column":6}},"2":{"start":{"line":20,"column":4},"end":{"line":37,"column":6}},"3":{"start":{"line":23,"column":22},"end":{"line":23,"column":63}},"4":{"start":{"line":24,"column":8},"end":{"line":24,"column":38}},"5":{"start":{"line":25,"column":8},"end":{"line":25,"column":20}},"6":{"start":{"line":28,"column":22},"end":{"line":28,"column":63}},"7":{"start":{"line":29,"column":8},"end":{"line":29,"column":38}},"8":{"start":{"line":30,"column":8},"end":{"line":30,"column":20}},"9":{"start":{"line":33,"column":22},"end":{"line":33,"column":70}},"10":{"start":{"line":34,"column":8},"end":{"line":34,"column":38}},"11":{"start":{"line":35,"column":8},"end":{"line":35,"column":20}}},"fnMap":{"0":{"name":"(anonymous_0)","decl":{"start":{"line":6,"column":21},"end":{"line":6,"column":null}},"loc":{"start":{"line":6,"column":21},"end":{"line":17,"column":3}}},"1":{"name":"(anonymous_1)","decl":{"start":{"line":19,"column":22},"end":{"line":19,"column":null}},"loc":{"start":{"line":19,"column":22},"end":{"line":38,"column":3}}},"2":{"name":"(anonymous_2)","decl":{"start":{"line":21,"column":21},"end":{"line":21,"column":null}},"loc":{"start":{"line":21,"column":21},"end":{"line":26,"column":7}}},"3":{"name":"(anonymous_3)","decl":{"start":{"line":27,"column":21},"end":{"line":27,"column":null}},"loc":{"start":{"line":27,"column":21},"end":{"line":31,"column":7}}},"4":{"name":"(anonymous_4)","decl":{"start":{"line":32,"column":21},"end":{"line":32,"column":null}},"loc":{"start":{"line":32,"column":21},"end":{"line":36,"column":7}}}},"branchMap":{},"s":{"0":0,"1":0,"2":0,"3":0,"4":0,"5":0,"6":0,"7":0,"8":0,"9":0,"10":0,"11":0},"f":{"0":0,"1":0,"2":0,"3":0,"4":0},"b":{}}
,"/Users/loaclme/projects/contentful-richtext-editor/src/components/ContentfulEditor.tsx": {"path":"/Users/loaclme/projects/contentful-richtext-editor/src/components/ContentfulEditor.tsx","statementMap":{"0":{"start":{"line":1,"column":0},"end":{"line":1,"column":63}},"1":{"start":{"line":2,"column":0},"end":{"line":2,"column":57}},"2":{"start":{"line":3,"column":0},"end":{"line":3,"column":45}},"3":{"start":{"line":4,"column":0},"end":{"line":4,"column":42}},"4":{"start":{"line":5,"column":0},"end":{"line":5,"column":44}},"5":{"start":{"line":6,"column":0},"end":{"line":6,"column":51}},"6":{"start":{"line":7,"column":0},"end":{"line":7,"column":57}},"7":{"start":{"line":8,"column":0},"end":{"line":8,"column":53}},"8":{"start":{"line":9,"column":0},"end":{"line":9,"column":52}},"9":{"start":{"line":11,"column":0},"end":{"line":11,"column":46}},"10":{"start":{"line":12,"column":0},"end":{"line":12,"column":86}},"11":{"start":{"line":13,"column":0},"end":{"line":13,"column":67}},"12":{"start":{"line":15,"column":0},"end":{"line":15,"column":30}},"13":{"start":{"line":34,"column":81},"end":{"line":270,"column":1}},"14":{"start":{"line":35,"column":14},"end":{"line":35,"column":null}},"15":{"start":{"line":36,"column":10},"end":{"line":36,"column":null}},"16":{"start":{"line":37,"column":14},"end":{"line":37,"column":null}},"17":{"start":{"line":38,"column":14},"end":{"line":38,"column":null}},"18":{"start":{"line":39,"column":20},"end":{"line":39,"column":null}},"19":{"start":{"line":40,"column":2},"end":{"line":40,"column":11}},"20":{"start":{"line":40,"column":11},"end":{"line":40,"column":null}},"21":{"start":{"line":41,"column":2},"end":{"line":41,"column":10}},"22":{"start":{"line":41,"column":10},"end":{"line":41,"column":null}},"23":{"start":{"line":42,"column":2},"end":{"line":42,"column":13}},"24":{"start":{"line":42,"column":13},"end":{"line":42,"column":null}},"25":{"start":{"line":43,"column":20},"end":{"line":43,"column":null}},"26":{"start":{"line":44,"column":2},"end":{"line":44,"column":18}},"27":{"start":{"line":44,"column":18},"end":{"line":44,"column":null}},"28":{"start":{"line":45,"column":2},"end":{"line":45,"column":7}},"29":{"start":{"line":45,"column":7},"end":{"line":45,"column":null}},"30":{"start":{"line":46,"column":2},"end":{"line":46,"column":19}},"31":{"start":{"line":46,"column":19},"end":{"line":46,"column":null}},"32":{"start":{"line":47,"column":2},"end":{"line":47,"column":16}},"33":{"start":{"line":47,"column":16},"end":{"line":47,"column":null}},"34":{"start":{"line":48,"column":2},"end":{"line":48,"column":12}},"35":{"start":{"line":48,"column":12},"end":{"line":48,"column":null}},"36":{"start":{"line":50,"column":23},"end":{"line":72,"column":79}},"37":{"start":{"line":51,"column":4},"end":{"line":53,"column":5}},"38":{"start":{"line":52,"column":6},"end":{"line":52,"column":60}},"39":{"start":{"line":54,"column":31},"end":{"line":54,"column":33}},"40":{"start":{"line":55,"column":4},"end":{"line":55,"column":64}},"41":{"start":{"line":55,"column":42},"end":{"line":55,"column":64}},"42":{"start":{"line":56,"column":4},"end":{"line":56,"column":68}},"43":{"start":{"line":56,"column":44},"end":{"line":56,"column":68}},"44":{"start":{"line":57,"column":4},"end":{"line":57,"column":74}},"45":{"start":{"line":57,"column":47},"end":{"line":57,"column":74}},"46":{"start":{"line":58,"column":4},"end":{"line":58,"column":39}},"47":{"start":{"line":60,"column":4},"end":{"line":71,"column":6}},"48":{"start":{"line":74,"column":21},"end":{"line":140,"column":20}},"49":{"start":{"line":75,"column":17},"end":{"line":75,"column":19}},"50":{"start":{"line":76,"column":4},"end":{"line":99,"column":6}},"51":{"start":{"line":100,"column":4},"end":{"line":102,"column":5}},"52":{"start":{"line":101,"column":6},"end":{"line":101,"column":27}},"53":{"start":{"line":103,"column":4},"end":{"line":113,"column":5}},"54":{"start":{"line":104,"column":6},"end":{"line":112,"column":8}},"55":{"start":{"line":114,"column":4},"end":{"line":138,"column":5}},"56":{"start":{"line":115,"column":6},"end":{"line":137,"column":8}},"57":{"start":{"line":139,"column":4},"end":{"line":139,"column":16}},"58":{"start":{"line":142,"column":17},"end":{"line":162,"column":4}},"59":{"start":{"line":152,"column":23},"end":{"line":152,"column":25}},"60":{"start":{"line":153,"column":6},"end":{"line":160,"column":7}},"61":{"start":{"line":154,"column":8},"end":{"line":159,"column":9}},"62":{"start":{"line":155,"column":32},"end":{"line":155,"column":68}},"63":{"start":{"line":156,"column":10},"end":{"line":156,"column":34}},"64":{"start":{"line":158,"column":10},"end":{"line":158,"column":88}},"65":{"start":{"line":164,"column":2},"end":{"line":169,"column":29}},"66":{"start":{"line":165,"column":4},"end":{"line":168,"column":5}},"67":{"start":{"line":166,"column":28},"end":{"line":166,"column":60}},"68":{"start":{"line":167,"column":6},"end":{"line":167,"column":55}},"69":{"start":{"line":171,"column":27},"end":{"line":191,"column":63}},"70":{"start":{"line":171,"column":39},"end":{"line":191,"column":5}},"71":{"start":{"line":172,"column":8},"end":{"line":172,"column":20}},"72":{"start":{"line":174,"column":22},"end":{"line":174,"column":null}},"73":{"start":{"line":174,"column":14},"end":{"line":174,"column":null}},"74":{"start":{"line":175,"column":8},"end":{"line":186,"column":9}},"75":{"start":{"line":176,"column":10},"end":{"line":185,"column":19}},"76":{"start":{"line":188,"column":8},"end":{"line":188,"column":55}},"77":{"start":{"line":193,"column":27},"end":{"line":213,"column":62}},"78":{"start":{"line":193,"column":39},"end":{"line":213,"column":5}},"79":{"start":{"line":194,"column":8},"end":{"line":194,"column":20}},"80":{"start":{"line":196,"column":22},"end":{"line":196,"column":null}},"81":{"start":{"line":196,"column":14},"end":{"line":196,"column":null}},"82":{"start":{"line":197,"column":8},"end":{"line":208,"column":9}},"83":{"start":{"line":198,"column":10},"end":{"line":207,"column":19}},"84":{"start":{"line":210,"column":8},"end":{"line":210,"column":55}},"85":{"start":{"line":215,"column":33},"end":{"line":230,"column":67}},"86":{"start":{"line":215,"column":45},"end":{"line":230,"column":5}},"87":{"start":{"line":216,"column":8},"end":{"line":216,"column":26}},"88":{"start":{"line":218,"column":22},"end":{"line":218,"column":null}},"89":{"start":{"line":218,"column":14},"end":{"line":218,"column":null}},"90":{"start":{"line":219,"column":8},"end":{"line":225,"column":9}},"91":{"start":{"line":220,"column":10},"end":{"line":224,"column":19}},"92":{"start":{"line":227,"column":8},"end":{"line":227,"column":62}},"93":{"start":{"line":232,"column":22},"end":{"line":237,"column":29}},"94":{"start":{"line":239,"column":2},"end":{"line":245,"column":3}},"95":{"start":{"line":240,"column":4},"end":{"line":244,"column":6}},"96":{"start":{"line":247,"column":2},"end":{"line":269,"column":4}},"97":{"start":{"line":34,"column":13},"end":{"line":34,"column":81}},"98":{"start":{"line":272,"column":0},"end":{"line":272,"column":40}}},"fnMap":{"0":{"name":"(anonymous_14)","decl":{"start":{"line":34,"column":81},"end":{"line":34,"column":82}},"loc":{"start":{"line":49,"column":1},"end":{"line":270,"column":1}}},"1":{"name":"(anonymous_15)","decl":{"start":{"line":50,"column":31},"end":{"line":50,"column":null}},"loc":{"start":{"line":50,"column":31},"end":{"line":72,"column":3}}},"2":{"name":"(anonymous_16)","decl":{"start":{"line":74,"column":29},"end":{"line":74,"column":null}},"loc":{"start":{"line":74,"column":29},"end":{"line":140,"column":3}}},"3":{"name":"(anonymous_17)","decl":{"start":{"line":152,"column":14},"end":{"line":152,"column":15}},"loc":{"start":{"line":152,"column":25},"end":{"line":161,"column":5}}},"4":{"name":"(anonymous_18)","decl":{"start":{"line":164,"column":12},"end":{"line":164,"column":null}},"loc":{"start":{"line":164,"column":12},"end":{"line":169,"column":3}}},"5":{"name":"(anonymous_19)","decl":{"start":{"line":171,"column":39},"end":{"line":171,"column":null}},"loc":{"start":{"line":171,"column":39},"end":{"line":191,"column":5}}},"6":{"name":"(anonymous_22)","decl":{"start":{"line":193,"column":39},"end":{"line":193,"column":null}},"loc":{"start":{"line":193,"column":39},"end":{"line":213,"column":5}}},"7":{"name":"(anonymous_25)","decl":{"start":{"line":215,"column":45},"end":{"line":215,"column":null}},"loc":{"start":{"line":215,"column":45},"end":{"line":230,"column":5}}}},"branchMap":{"0":{"loc":{"start":{"line":40,"column":11},"end":{"line":40,"column":null}},"type":"cond-expr","locations":[{"start":{"line":40,"column":14},"end":{"line":40,"column":16}},{"start":{"line":40,"column":16},"end":{"line":40,"column":null}}]},"1":{"loc":{"start":{"line":41,"column":10},"end":{"line":41,"column":null}},"type":"cond-expr","locations":[{"start":{"line":41,"column":13},"end":{"line":41,"column":18}},{"start":{"line":41,"column":18},"end":{"line":41,"column":null}}]},"2":{"loc":{"start":{"line":42,"column":13},"end":{"line":42,"column":null}},"type":"cond-expr","locations":[{"start":{"line":42,"column":16},"end":{"line":42,"column":34}},{"start":{"line":42,"column":34},"end":{"line":42,"column":null}}]},"3":{"loc":{"start":{"line":44,"column":18},"end":{"line":44,"column":null}},"type":"cond-expr","locations":[{"start":{"line":44,"column":21},"end":{"line":44,"column":23}},{"start":{"line":44,"column":23},"end":{"line":44,"column":null}}]},"4":{"loc":{"start":{"line":45,"column":7},"end":{"line":45,"column":null}},"type":"cond-expr","locations":[{"start":{"line":45,"column":10},"end":{"line":45,"column":22}},{"start":{"line":45,"column":22},"end":{"line":45,"column":null}}]},"5":{"loc":{"start":{"line":46,"column":19},"end":{"line":46,"column":null}},"type":"cond-expr","locations":[{"start":{"line":46,"column":22},"end":{"line":46,"column":40}},{"start":{"line":46,"column":40},"end":{"line":46,"column":null}}]},"6":{"loc":{"start":{"line":47,"column":16},"end":{"line":47,"column":null}},"type":"cond-expr","locations":[{"start":{"line":47,"column":19},"end":{"line":47,"column":50}},{"start":{"line":47,"column":50},"end":{"line":47,"column":null}}]},"7":{"loc":{"start":{"line":48,"column":12},"end":{"line":48,"column":null}},"type":"cond-expr","locations":[{"start":{"line":48,"column":15},"end":{"line":48,"column":19}},{"start":{"line":48,"column":19},"end":{"line":48,"column":null}}]},"8":{"loc":{"start":{"line":51,"column":4},"end":{"line":53,"column":5}},"type":"if","locations":[{"start":{"line":51,"column":4},"end":{"line":53,"column":5}},{"start":{},"end":{}}]},"9":{"loc":{"start":{"line":55,"column":4},"end":{"line":55,"column":64}},"type":"if","locations":[{"start":{"line":55,"column":4},"end":{"line":55,"column":64}},{"start":{},"end":{}}]},"10":{"loc":{"start":{"line":56,"column":4},"end":{"line":56,"column":68}},"type":"if","locations":[{"start":{"line":56,"column":4},"end":{"line":56,"column":68}},{"start":{},"end":{}}]},"11":{"loc":{"start":{"line":57,"column":4},"end":{"line":57,"column":74}},"type":"if","locations":[{"start":{"line":57,"column":4},"end":{"line":57,"column":74}},{"start":{},"end":{}}]},"12":{"loc":{"start":{"line":78,"column":17},"end":{"line":80,"column":17}},"type":"cond-expr","locations":[{"start":{"line":78,"column":61},"end":{"line":80,"column":10}},{"start":{"line":80,"column":12},"end":{"line":80,"column":17}}]},"13":{"loc":{"start":{"line":81,"column":14},"end":{"line":81,"column":71}},"type":"cond-expr","locations":[{"start":{"line":81,"column":61},"end":{"line":81,"column":63}},{"start":{"line":81,"column":66},"end":{"line":81,"column":71}}]},"14":{"loc":{"start":{"line":82,"column":16},"end":{"line":82,"column":75}},"type":"cond-expr","locations":[{"start":{"line":82,"column":65},"end":{"line":82,"column":67}},{"start":{"line":82,"column":70},"end":{"line":82,"column":75}}]},"15":{"loc":{"start":{"line":83,"column":20},"end":{"line":87,"column":17}},"type":"cond-expr","locations":[{"start":{"line":83,"column":46},"end":{"line":87,"column":10}},{"start":{"line":87,"column":12},"end":{"line":87,"column":17}}]},"16":{"loc":{"start":{"line":88,"column":21},"end":{"line":92,"column":17}},"type":"cond-expr","locations":[{"start":{"line":88,"column":47},"end":{"line":92,"column":10}},{"start":{"line":92,"column":12},"end":{"line":92,"column":17}}]},"17":{"loc":{"start":{"line":93,"column":20},"end":{"line":97,"column":17}},"type":"cond-expr","locations":[{"start":{"line":93,"column":47},"end":{"line":97,"column":10}},{"start":{"line":97,"column":12},"end":{"line":97,"column":17}}]},"18":{"loc":{"start":{"line":100,"column":4},"end":{"line":102,"column":5}},"type":"if","locations":[{"start":{"line":100,"column":4},"end":{"line":102,"column":5}},{"start":{},"end":{}}]},"19":{"loc":{"start":{"line":103,"column":4},"end":{"line":113,"column":5}},"type":"if","locations":[{"start":{"line":103,"column":4},"end":{"line":113,"column":5}},{"start":{},"end":{}}]},"20":{"loc":{"start":{"line":114,"column":4},"end":{"line":138,"column":5}},"type":"if","locations":[{"start":{"line":114,"column":4},"end":{"line":138,"column":5}},{"start":{},"end":{}}]},"21":{"loc":{"start":{"line":144,"column":13},"end":{"line":144,"column":65}},"type":"cond-expr","locations":[{"start":{"line":144,"column":28},"end":{"line":144,"column":60}},{"start":{"line":144,"column":63},"end":{"line":144,"column":65}}]},"22":{"loc":{"start":{"line":153,"column":6},"end":{"line":160,"column":7}},"type":"if","locations":[{"start":{"line":153,"column":6},"end":{"line":160,"column":7}},{"start":{},"end":{}}]},"23":{"loc":{"start":{"line":165,"column":4},"end":{"line":168,"column":5}},"type":"if","locations":[{"start":{"line":165,"column":4},"end":{"line":168,"column":5}},{"start":{},"end":{}}]},"24":{"loc":{"start":{"line":165,"column":8},"end":{"line":165,"column":30}},"type":"binary-expr","locations":[{"start":{"line":165,"column":8},"end":{"line":165,"column":14}},{"start":{"line":165,"column":18},"end":{"line":165,"column":30}}]},"25":{"loc":{"start":{"line":172,"column":8},"end":{"line":172,"column":20}},"type":"if","locations":[{"start":{"line":172,"column":8},"end":{"line":172,"column":20}},{"start":{},"end":{}}]},"26":{"loc":{"start":{"line":172,"column":8},"end":{"line":172,"column":67}},"type":"binary-expr","locations":[{"start":{"line":172,"column":8},"end":{"line":172,"column":20}},{"start":{"line":172,"column":24},"end":{"line":172,"column":30}},{"start":{"line":172,"column":34},"end":{"line":172,"column":67}}]},"27":{"loc":{"start":{"line":175,"column":8},"end":{"line":186,"column":9}},"type":"if","locations":[{"start":{"line":175,"column":8},"end":{"line":186,"column":9}},{"start":{},"end":{}}]},"28":{"loc":{"start":{"line":181,"column":42},"end":{"line":181,"column":91}},"type":"binary-expr","locations":[{"start":{"line":181,"column":42},"end":{"line":181,"column":55}},{"start":{"line":181,"column":59},"end":{"line":181,"column":78}},{"start":{"line":181,"column":82},"end":{"line":181,"column":91}}]},"29":{"loc":{"start":{"line":181,"column":42},"end":{"line":181,"column":55}},"type":"cond-expr","locations":[{"start":{"line":181,"column":51},"end":{"line":181,"column":53}},{"start":{"line":181,"column":51},"end":{"line":181,"column":55}}]},"30":{"loc":{"start":{"line":181,"column":42},"end":{"line":181,"column":53}},"type":"binary-expr","locations":[{"start":{"line":181,"column":42},"end":{"line":181,"column":53}},{"start":{"line":181,"column":51},"end":{"line":181,"column":53}}]},"31":{"loc":{"start":{"line":181,"column":59},"end":{"line":181,"column":78}},"type":"cond-expr","locations":[{"start":{"line":181,"column":71},"end":{"line":181,"column":73}},{"start":{"line":181,"column":71},"end":{"line":181,"column":78}}]},"32":{"loc":{"start":{"line":181,"column":59},"end":{"line":181,"column":73}},"type":"binary-expr","locations":[{"start":{"line":181,"column":59},"end":{"line":181,"column":73}},{"start":{"line":181,"column":71},"end":{"line":181,"column":73}}]},"33":{"loc":{"start":{"line":194,"column":8},"end":{"line":194,"column":20}},"type":"if","locations":[{"start":{"line":194,"column":8},"end":{"line":194,"column":20}},{"start":{},"end":{}}]},"34":{"loc":{"start":{"line":194,"column":8},"end":{"line":194,"column":66}},"type":"binary-expr","locations":[{"start":{"line":194,"column":8},"end":{"line":194,"column":20}},{"start":{"line":194,"column":24},"end":{"line":194,"column":30}},{"start":{"line":194,"column":34},"end":{"line":194,"column":66}}]},"35":{"loc":{"start":{"line":197,"column":8},"end":{"line":208,"column":9}},"type":"if","locations":[{"start":{"line":197,"column":8},"end":{"line":208,"column":9}},{"start":{},"end":{}}]},"36":{"loc":{"start":{"line":203,"column":42},"end":{"line":203,"column":91}},"type":"binary-expr","locations":[{"start":{"line":203,"column":42},"end":{"line":203,"column":55}},{"start":{"line":203,"column":59},"end":{"line":203,"column":78}},{"start":{"line":203,"column":82},"end":{"line":203,"column":91}}]},"37":{"loc":{"start":{"line":203,"column":42},"end":{"line":203,"column":55}},"type":"cond-expr","locations":[{"start":{"line":203,"column":51},"end":{"line":203,"column":53}},{"start":{"line":203,"column":51},"end":{"line":203,"column":55}}]},"38":{"loc":{"start":{"line":203,"column":42},"end":{"line":203,"column":53}},"type":"binary-expr","locations":[{"start":{"line":203,"column":42},"end":{"line":203,"column":53}},{"start":{"line":203,"column":51},"end":{"line":203,"column":53}}]},"39":{"loc":{"start":{"line":203,"column":59},"end":{"line":203,"column":78}},"type":"cond-expr","locations":[{"start":{"line":203,"column":71},"end":{"line":203,"column":73}},{"start":{"line":203,"column":71},"end":{"line":203,"column":78}}]},"40":{"loc":{"start":{"line":203,"column":59},"end":{"line":203,"column":73}},"type":"binary-expr","locations":[{"start":{"line":203,"column":59},"end":{"line":203,"column":73}},{"start":{"line":203,"column":71},"end":{"line":203,"column":73}}]},"41":{"loc":{"start":{"line":216,"column":8},"end":{"line":216,"column":26}},"type":"if","locations":[{"start":{"line":216,"column":8},"end":{"line":216,"column":26}},{"start":{},"end":{}}]},"42":{"loc":{"start":{"line":216,"column":8},"end":{"line":216,"column":71}},"type":"binary-expr","locations":[{"start":{"line":216,"column":8},"end":{"line":216,"column":26}},{"start":{"line":216,"column":30},"end":{"line":216,"column":36}},{"start":{"line":216,"column":40},"end":{"line":216,"column":71}}]},"43":{"loc":{"start":{"line":219,"column":8},"end":{"line":225,"column":9}},"type":"if","locations":[{"start":{"line":219,"column":8},"end":{"line":225,"column":9}},{"start":{},"end":{}}]},"44":{"loc":{"start":{"line":222,"column":36},"end":{"line":222,"column":85}},"type":"binary-expr","locations":[{"start":{"line":222,"column":36},"end":{"line":222,"column":49}},{"start":{"line":222,"column":53},"end":{"line":222,"column":72}},{"start":{"line":222,"column":76},"end":{"line":222,"column":85}}]},"45":{"loc":{"start":{"line":222,"column":36},"end":{"line":222,"column":49}},"type":"cond-expr","locations":[{"start":{"line":222,"column":45},"end":{"line":222,"column":47}},{"start":{"line":222,"column":45},"end":{"line":222,"column":49}}]},"46":{"loc":{"start":{"line":222,"column":36},"end":{"line":222,"column":47}},"type":"binary-expr","locations":[{"start":{"line":222,"column":36},"end":{"line":222,"column":47}},{"start":{"line":222,"column":45},"end":{"line":222,"column":47}}]},"47":{"loc":{"start":{"line":222,"column":53},"end":{"line":222,"column":72}},"type":"cond-expr","locations":[{"start":{"line":222,"column":65},"end":{"line":222,"column":67}},{"start":{"line":222,"column":65},"end":{"line":222,"column":72}}]},"48":{"loc":{"start":{"line":222,"column":53},"end":{"line":222,"column":67}},"type":"binary-expr","locations":[{"start":{"line":222,"column":53},"end":{"line":222,"column":67}},{"start":{"line":222,"column":65},"end":{"line":222,"column":67}}]},"49":{"loc":{"start":{"line":235,"column":4},"end":{"line":235,"column":54}},"type":"cond-expr","locations":[{"start":{"line":235,"column":18},"end":{"line":235,"column":49}},{"start":{"line":235,"column":52},"end":{"line":235,"column":54}}]},"50":{"loc":{"start":{"line":239,"column":2},"end":{"line":245,"column":3}},"type":"if","locations":[{"start":{"line":239,"column":2},"end":{"line":245,"column":3}},{"start":{},"end":{}}]},"51":{"loc":{"start":{"line":249,"column":7},"end":{"line":259,"column":null}},"type":"binary-expr","locations":[{"start":{"line":249,"column":7},"end":{"line":249,"column":16}},{"start":{"line":250,"column":8},"end":{"line":258,"column":null}}]},"52":{"loc":{"start":{"line":252,"column":24},"end":{"line":252,"column":88}},"type":"cond-expr","locations":[{"start":{"line":252,"column":60},"end":{"line":252,"column":76}},{"start":{"line":252,"column":79},"end":{"line":252,"column":88}}]},"53":{"loc":{"start":{"line":253,"column":24},"end":{"line":253,"column":87}},"type":"cond-expr","locations":[{"start":{"line":253,"column":59},"end":{"line":253,"column":75}},{"start":{"line":253,"column":78},"end":{"line":253,"column":87}}]},"54":{"loc":{"start":{"line":254,"column":30},"end":{"line":254,"column":98}},"type":"cond-expr","locations":[{"start":{"line":254,"column":64},"end":{"line":254,"column":86}},{"start":{"line":254,"column":89},"end":{"line":254,"column":98}}]}},"s":{"0":1,"1":1,"2":1,"3":1,"4":1,"5":1,"6":1,"7":1,"8":1,"9":1,"10":1,"11":1,"12":1,"13":1,"14":11,"15":11,"16":11,"17":11,"18":11,"19":11,"20":11,"21":11,"22":11,"23":11,"24":11,"25":11,"26":11,"27":11,"28":11,"29":11,"30":11,"31":11,"32":11,"33":11,"34":11,"35":11,"36":11,"37":11,"38":1,"39":10,"40":10,"41":0,"42":10,"43":1,"44":10,"45":1,"46":10,"47":10,"48":11,"49":11,"50":11,"51":11,"52":10,"53":11,"54":11,"55":11,"56":11,"57":11,"58":11,"59":0,"60":0,"61":0,"62":0,"63":0,"64":0,"65":11,"66":11,"67":1,"68":1,"69":11,"70":0,"71":0,"72":0,"73":0,"74":0,"75":0,"76":0,"77":11,"78":0,"79":0,"80":0,"81":0,"82":0,"83":0,"84":0,"85":11,"86":0,"87":0,"88":0,"89":0,"90":0,"91":0,"92":0,"93":11,"94":11,"95":0,"96":11,"97":1,"98":1},"f":{"0":11,"1":11,"2":11,"3":0,"4":11,"5":0,"6":0,"7":0},"b":{"0":[10,1],"1":[10,1],"2":[10,1],"3":[10,1],"4":[10,1],"5":[10,1],"6":[10,1],"7":[10,1],"8":[1,10],"9":[0,10],"10":[1,9],"11":[1,9],"12":[11,0],"13":[11,0],"14":[10,1],"15":[11,0],"16":[11,0],"17":[11,0],"18":[10,1],"19":[11,0],"20":[11,0],"21":[1,10],"22":[0,0],"23":[1,10],"24":[11,11],"25":[0,0],"26":[0,0,0],"27":[0,0],"28":[0,0,0],"29":[0,0],"30":[0,0],"31":[0,0],"32":[0,0],"33":[0,0],"34":[0,0,0],"35":[0,0],"36":[0,0,0],"37":[0,0],"38":[0,0],"39":[0,0],"40":[0,0],"41":[0,0],"42":[0,0,0],"43":[0,0],"44":[0,0,0],"45":[0,0],"46":[0,0],"47":[0,0],"48":[0,0],"49":[1,10],"50":[0,11],"51":[11,10],"52":[10,0],"53":[10,0],"54":[10,0]}}
,"/Users/loaclme/projects/contentful-richtext-editor/src/components/ContentfulEmbedded.ts": {"path":"/Users/loaclme/projects/contentful-richtext-editor/src/components/ContentfulEmbedded.ts","statementMap":{"0":{"start":{"line":6,"column":31},"end":{"line":15,"column":1}},"1":{"start":{"line":6,"column":38},"end":{"line":6,"column":45}},"2":{"start":{"line":7,"column":42},"end":{"line":7,"column":52}},"3":{"start":{"line":7,"column":17},"end":{"line":7,"column":19}},"4":{"start":{"line":7,"column":30},"end":{"line":7,"column":32}},"5":{"start":{"line":7,"column":37},"end":{"line":7,"column":42}},"6":{"start":{"line":9,"column":2},"end":{"line":14,"column":46}},"7":{"start":{"line":18,"column":37},"end":{"line":27,"column":1}},"8":{"start":{"line":18,"column":44},"end":{"line":18,"column":51}},"9":{"start":{"line":19,"column":42},"end":{"line":19,"column":52}},"10":{"start":{"line":19,"column":17},"end":{"line":19,"column":19}},"11":{"start":{"line":19,"column":30},"end":{"line":19,"column":32}},"12":{"start":{"line":19,"column":37},"end":{"line":19,"column":42}},"13":{"start":{"line":21,"column":2},"end":{"line":26,"column":44}},"14":{"start":{"line":30,"column":31},"end":{"line":58,"column":1}},"15":{"start":{"line":30,"column":38},"end":{"line":30,"column":45}},"16":{"start":{"line":31,"column":44},"end":{"line":31,"column":54}},"17":{"start":{"line":31,"column":17},"end":{"line":31,"column":19}},"18":{"start":{"line":31,"column":24},"end":{"line":31,"column":26}},"19":{"start":{"line":31,"column":29},"end":{"line":31,"column":31}},"20":{"start":{"line":31,"column":39},"end":{"line":31,"column":44}},"21":{"start":{"line":33,"column":2},"end":{"line":51,"column":3}},"22":{"start":{"line":34,"column":4},"end":{"line":50,"column":7}},"23":{"start":{"line":53,"column":2},"end":{"line":57,"column":46}},"24":{"start":{"line":60,"column":29},"end":{"line":114,"column":2}},"25":{"start":{"line":66,"column":4},"end":{"line":94,"column":6}},"26":{"start":{"line":69,"column":45},"end":{"line":69,"column":null}},"27":{"start":{"line":71,"column":10},"end":{"line":73,"column":11}},"28":{"start":{"line":72,"column":12},"end":{"line":72,"column":22}},"29":{"start":{"line":74,"column":10},"end":{"line":76,"column":12}},"30":{"start":{"line":81,"column":45},"end":{"line":81,"column":null}},"31":{"start":{"line":83,"column":10},"end":{"line":85,"column":11}},"32":{"start":{"line":84,"column":12},"end":{"line":84,"column":22}},"33":{"start":{"line":86,"column":10},"end":{"line":88,"column":12}},"34":{"start":{"line":98,"column":4},"end":{"line":102,"column":6}},"35":{"start":{"line":105,"column":29},"end":{"line":105,"column":31}},"36":{"start":{"line":106,"column":4},"end":{"line":108,"column":8}},"37":{"start":{"line":112,"column":4},"end":{"line":112,"column":57}},"38":{"start":{"line":116,"column":35},"end":{"line":171,"column":2}},"39":{"start":{"line":123,"column":4},"end":{"line":151,"column":6}},"40":{"start":{"line":126,"column":45},"end":{"line":126,"column":null}},"41":{"start":{"line":128,"column":10},"end":{"line":130,"column":11}},"42":{"start":{"line":129,"column":12},"end":{"line":129,"column":22}},"43":{"start":{"line":131,"column":10},"end":{"line":133,"column":12}},"44":{"start":{"line":138,"column":45},"end":{"line":138,"column":null}},"45":{"start":{"line":140,"column":10},"end":{"line":142,"column":11}},"46":{"start":{"line":141,"column":12},"end":{"line":141,"column":22}},"47":{"start":{"line":143,"column":10},"end":{"line":145,"column":12}},"48":{"start":{"line":155,"column":4},"end":{"line":159,"column":6}},"49":{"start":{"line":162,"column":29},"end":{"line":162,"column":31}},"50":{"start":{"line":163,"column":4},"end":{"line":165,"column":8}},"51":{"start":{"line":169,"column":4},"end":{"line":169,"column":63}},"52":{"start":{"line":173,"column":29},"end":{"line":224,"column":2}},"53":{"start":{"line":179,"column":4},"end":{"line":201,"column":6}},"54":{"start":{"line":182,"column":45},"end":{"line":182,"column":null}},"55":{"start":{"line":184,"column":10},"end":{"line":186,"column":11}},"56":{"start":{"line":185,"column":12},"end":{"line":185,"column":22}},"57":{"start":{"line":187,"column":10},"end":{"line":189,"column":12}},"58":{"start":{"line":205,"column":4},"end":{"line":212,"column":6}},"59":{"start":{"line":215,"column":29},"end":{"line":215,"column":31}},"60":{"start":{"line":216,"column":4},"end":{"line":218,"column":8}},"61":{"start":{"line":222,"column":4},"end":{"line":222,"column":57}},"62":{"start":{"line":227,"column":49},"end":{"line":233,"column":1}},"63":{"start":{"line":228,"column":2},"end":{"line":232,"column":4}},"64":{"start":{"line":235,"column":49},"end":{"line":242,"column":1}},"65":{"start":{"line":236,"column":2},"end":{"line":241,"column":4}}},"fnMap":{"0":{"name":"(anonymous_0)","decl":{"start":{"line":6,"column":31},"end":{"line":6,"column":32}},"loc":{"start":{"line":6,"column":45},"end":{"line":15,"column":1}}},"1":{"name":"(anonymous_1)","decl":{"start":{"line":18,"column":37},"end":{"line":18,"column":38}},"loc":{"start":{"line":18,"column":51},"end":{"line":27,"column":1}}},"2":{"name":"(anonymous_2)","decl":{"start":{"line":30,"column":31},"end":{"line":30,"column":32}},"loc":{"start":{"line":30,"column":45},"end":{"line":58,"column":1}}},"3":{"name":"(anonymous_3)","decl":{"start":{"line":65,"column":15},"end":{"line":65,"column":null}},"loc":{"start":{"line":65,"column":15},"end":{"line":95,"column":3}}},"4":{"name":"(anonymous_4)","decl":{"start":{"line":69,"column":19},"end":{"line":69,"column":20}},"loc":{"start":{"line":69,"column":40},"end":{"line":69,"column":52}}},"5":{"name":"(anonymous_5)","decl":{"start":{"line":70,"column":20},"end":{"line":70,"column":21}},"loc":{"start":{"line":70,"column":36},"end":{"line":77,"column":9}}},"6":{"name":"(anonymous_6)","decl":{"start":{"line":81,"column":19},"end":{"line":81,"column":20}},"loc":{"start":{"line":81,"column":40},"end":{"line":81,"column":52}}},"7":{"name":"(anonymous_7)","decl":{"start":{"line":82,"column":20},"end":{"line":82,"column":21}},"loc":{"start":{"line":82,"column":36},"end":{"line":89,"column":9}}},"8":{"name":"(anonymous_8)","decl":{"start":{"line":97,"column":11},"end":{"line":97,"column":null}},"loc":{"start":{"line":97,"column":11},"end":{"line":103,"column":3}}},"9":{"name":"(anonymous_9)","decl":{"start":{"line":105,"column":12},"end":{"line":105,"column":13}},"loc":{"start":{"line":105,"column":31},"end":{"line":109,"column":3}}},"10":{"name":"(anonymous_10)","decl":{"start":{"line":111,"column":13},"end":{"line":111,"column":null}},"loc":{"start":{"line":111,"column":13},"end":{"line":113,"column":3}}},"11":{"name":"(anonymous_11)","decl":{"start":{"line":122,"column":15},"end":{"line":122,"column":null}},"loc":{"start":{"line":122,"column":15},"end":{"line":152,"column":3}}},"12":{"name":"(anonymous_12)","decl":{"start":{"line":126,"column":19},"end":{"line":126,"column":20}},"loc":{"start":{"line":126,"column":40},"end":{"line":126,"column":52}}},"13":{"name":"(anonymous_13)","decl":{"start":{"line":127,"column":20},"end":{"line":127,"column":21}},"loc":{"start":{"line":127,"column":36},"end":{"line":134,"column":9}}},"14":{"name":"(anonymous_14)","decl":{"start":{"line":138,"column":19},"end":{"line":138,"column":20}},"loc":{"start":{"line":138,"column":40},"end":{"line":138,"column":52}}},"15":{"name":"(anonymous_15)","decl":{"start":{"line":139,"column":20},"end":{"line":139,"column":21}},"loc":{"start":{"line":139,"column":36},"end":{"line":146,"column":9}}},"16":{"name":"(anonymous_16)","decl":{"start":{"line":154,"column":11},"end":{"line":154,"column":null}},"loc":{"start":{"line":154,"column":11},"end":{"line":160,"column":3}}},"17":{"name":"(anonymous_17)","decl":{"start":{"line":162,"column":12},"end":{"line":162,"column":13}},"loc":{"start":{"line":162,"column":31},"end":{"line":166,"column":3}}},"18":{"name":"(anonymous_18)","decl":{"start":{"line":168,"column":13},"end":{"line":168,"column":null}},"loc":{"start":{"line":168,"column":13},"end":{"line":170,"column":3}}},"19":{"name":"(anonymous_19)","decl":{"start":{"line":178,"column":15},"end":{"line":178,"column":null}},"loc":{"start":{"line":178,"column":15},"end":{"line":202,"column":3}}},"20":{"name":"(anonymous_20)","decl":{"start":{"line":182,"column":19},"end":{"line":182,"column":20}},"loc":{"start":{"line":182,"column":40},"end":{"line":182,"column":52}}},"21":{"name":"(anonymous_21)","decl":{"start":{"line":183,"column":20},"end":{"line":183,"column":21}},"loc":{"start":{"line":183,"column":36},"end":{"line":190,"column":9}}},"22":{"name":"(anonymous_22)","decl":{"start":{"line":204,"column":11},"end":{"line":204,"column":null}},"loc":{"start":{"line":204,"column":11},"end":{"line":213,"column":3}}},"23":{"name":"(anonymous_23)","decl":{"start":{"line":215,"column":12},"end":{"line":215,"column":13}},"loc":{"start":{"line":215,"column":31},"end":{"line":219,"column":3}}},"24":{"name":"(anonymous_24)","decl":{"start":{"line":221,"column":13},"end":{"line":221,"column":null}},"loc":{"start":{"line":221,"column":13},"end":{"line":223,"column":3}}},"25":{"name":"(anonymous_25)","decl":{"start":{"line":227,"column":49},"end":{"line":227,"column":50}},"loc":{"start":{"line":227,"column":60},"end":{"line":233,"column":1}}},"26":{"name":"(anonymous_26)","decl":{"start":{"line":235,"column":49},"end":{"line":235,"column":50}},"loc":{"start":{"line":235,"column":60},"end":{"line":242,"column":1}}}},"branchMap":{"0":{"loc":{"start":{"line":14,"column":25},"end":{"line":14,"column":41}},"type":"binary-expr","locations":[{"start":{"line":14,"column":25},"end":{"line":14,"column":30}},{"start":{"line":14,"column":34},"end":{"line":14,"column":41}}]},"1":{"loc":{"start":{"line":26,"column":23},"end":{"line":26,"column":39}},"type":"binary-expr","locations":[{"start":{"line":26,"column":23},"end":{"line":26,"column":28}},{"start":{"line":26,"column":32},"end":{"line":26,"column":39}}]},"2":{"loc":{"start":{"line":33,"column":2},"end":{"line":51,"column":3}},"type":"if","locations":[{"start":{"line":33,"column":2},"end":{"line":51,"column":3}},{"start":{},"end":{}}]},"3":{"loc":{"start":{"line":33,"column":6},"end":{"line":33,"column":54}},"type":"binary-expr","locations":[{"start":{"line":33,"column":6},"end":{"line":33,"column":9}},{"start":{"line":33,"column":13},"end":{"line":33,"column":21}},{"start":{"line":33,"column":25},"end":{"line":33,"column":54}}]},"4":{"loc":{"start":{"line":42,"column":13},"end":{"line":42,"column":24}},"type":"binary-expr","locations":[{"start":{"line":42,"column":13},"end":{"line":42,"column":18}},{"start":{"line":42,"column":22},"end":{"line":42,"column":24}}]},"5":{"loc":{"start":{"line":46,"column":6},"end":{"line":49,"column":15}},"type":"binary-expr","locations":[{"start":{"line":46,"column":6},"end":{"line":46,"column":11}},{"start":{"line":46,"column":15},"end":{"line":49,"column":15}}]},"6":{"loc":{"start":{"line":57,"column":25},"end":{"line":57,"column":41}},"type":"binary-expr","locations":[{"start":{"line":57,"column":25},"end":{"line":57,"column":30}},{"start":{"line":57,"column":34},"end":{"line":57,"column":41}}]},"7":{"loc":{"start":{"line":71,"column":10},"end":{"line":73,"column":11}},"type":"if","locations":[{"start":{"line":71,"column":10},"end":{"line":73,"column":11}},{"start":{},"end":{}}]},"8":{"loc":{"start":{"line":83,"column":10},"end":{"line":85,"column":11}},"type":"if","locations":[{"start":{"line":83,"column":10},"end":{"line":85,"column":11}},{"start":{},"end":{}}]},"9":{"loc":{"start":{"line":128,"column":10},"end":{"line":130,"column":11}},"type":"if","locations":[{"start":{"line":128,"column":10},"end":{"line":130,"column":11}},{"start":{},"end":{}}]},"10":{"loc":{"start":{"line":140,"column":10},"end":{"line":142,"column":11}},"type":"if","locations":[{"start":{"line":140,"column":10},"end":{"line":142,"column":11}},{"start":{},"end":{}}]},"11":{"loc":{"start":{"line":184,"column":10},"end":{"line":186,"column":11}},"type":"if","locations":[{"start":{"line":184,"column":10},"end":{"line":186,"column":11}},{"start":{},"end":{}}]},"12":{"loc":{"start":{"line":229,"column":13},"end":{"line":229,"column":26}},"type":"cond-expr","locations":[{"start":{"line":229,"column":22},"end":{"line":229,"column":24}},{"start":{"line":229,"column":22},"end":{"line":229,"column":26}}]},"13":{"loc":{"start":{"line":229,"column":13},"end":{"line":229,"column":24}},"type":"binary-expr","locations":[{"start":{"line":229,"column":13},"end":{"line":229,"column":24}},{"start":{"line":229,"column":22},"end":{"line":229,"column":24}}]},"14":{"loc":{"start":{"line":230,"column":17},"end":{"line":230,"column":48}},"type":"cond-expr","locations":[{"start":{"line":230,"column":44},"end":{"line":230,"column":46}},{"start":{"line":230,"column":44},"end":{"line":230,"column":48}}]},"15":{"loc":{"start":{"line":230,"column":17},"end":{"line":230,"column":46}},"type":"binary-expr","locations":[{"start":{"line":230,"column":17},"end":{"line":230,"column":46}},{"start":{"line":230,"column":44},"end":{"line":230,"column":46}}]},"16":{"loc":{"start":{"line":230,"column":17},"end":{"line":230,"column":44}},"type":"cond-expr","locations":[{"start":{"line":230,"column":39},"end":{"line":230,"column":41}},{"start":{"line":230,"column":39},"end":{"line":230,"column":44}}]},"17":{"loc":{"start":{"line":230,"column":17},"end":{"line":230,"column":41}},"type":"binary-expr","locations":[{"start":{"line":230,"column":17},"end":{"line":230,"column":41}},{"start":{"line":230,"column":39},"end":{"line":230,"column":41}}]},"18":{"loc":{"start":{"line":230,"column":17},"end":{"line":230,"column":39}},"type":"cond-expr","locations":[{"start":{"line":230,"column":26},"end":{"line":230,"column":28}},{"start":{"line":230,"column":26},"end":{"line":230,"column":39}}]},"19":{"loc":{"start":{"line":230,"column":17},"end":{"line":230,"column":28}},"type":"binary-expr","locations":[{"start":{"line":230,"column":17},"end":{"line":230,"column":28}},{"start":{"line":230,"column":26},"end":{"line":230,"column":28}}]},"20":{"loc":{"start":{"line":231,"column":11},"end":{"line":231,"column":null}},"type":"binary-expr","locations":[{"start":{"line":231,"column":11},"end":{"line":231,"column":30}},{"start":{"line":231,"column":34},"end":{"line":231,"column":52}},{"start":{"line":231,"column":56},"end":{"line":231,"column":69}}]},"21":{"loc":{"start":{"line":231,"column":11},"end":{"line":231,"column":30}},"type":"cond-expr","locations":[{"start":{"line":231,"column":23},"end":{"line":231,"column":25}},{"start":{"line":231,"column":23},"end":{"line":231,"column":30}}]},"22":{"loc":{"start":{"line":231,"column":11},"end":{"line":231,"column":25}},"type":"binary-expr","locations":[{"start":{"line":231,"column":11},"end":{"line":231,"column":25}},{"start":{"line":231,"column":23},"end":{"line":231,"column":25}}]},"23":{"loc":{"start":{"line":231,"column":34},"end":{"line":231,"column":52}},"type":"cond-expr","locations":[{"start":{"line":231,"column":46},"end":{"line":231,"column":48}},{"start":{"line":231,"column":46},"end":{"line":231,"column":52}}]},"24":{"loc":{"start":{"line":231,"column":34},"end":{"line":231,"column":48}},"type":"binary-expr","locations":[{"start":{"line":231,"column":34},"end":{"line":231,"column":48}},{"start":{"line":231,"column":46},"end":{"line":231,"column":48}}]},"25":{"loc":{"start":{"line":231,"column":56},"end":{"line":231,"column":69}},"type":"cond-expr","locations":[{"start":{"line":231,"column":65},"end":{"line":231,"column":67}},{"start":{"line":231,"column":65},"end":{"line":231,"column":69}}]},"26":{"loc":{"start":{"line":231,"column":56},"end":{"line":231,"column":67}},"type":"binary-expr","locations":[{"start":{"line":231,"column":56},"end":{"line":231,"column":67}},{"start":{"line":231,"column":65},"end":{"line":231,"column":67}}]},"27":{"loc":{"start":{"line":237,"column":13},"end":{"line":237,"column":26}},"type":"cond-expr","locations":[{"start":{"line":237,"column":22},"end":{"line":237,"column":24}},{"start":{"line":237,"column":22},"end":{"line":237,"column":26}}]},"28":{"loc":{"start":{"line":237,"column":13},"end":{"line":237,"column":24}},"type":"binary-expr","locations":[{"start":{"line":237,"column":13},"end":{"line":237,"column":24}},{"start":{"line":237,"column":22},"end":{"line":237,"column":24}}]},"29":{"loc":{"start":{"line":238,"column":11},"end":{"line":238,"column":null}},"type":"binary-expr","locations":[{"start":{"line":238,"column":11},"end":{"line":238,"column":30}},{"start":{"line":238,"column":34},"end":{"line":238,"column":62}}]},"30":{"loc":{"start":{"line":238,"column":11},"end":{"line":238,"column":30}},"type":"cond-expr","locations":[{"start":{"line":238,"column":23},"end":{"line":238,"column":25}},{"start":{"line":238,"column":23},"end":{"line":238,"column":30}}]},"31":{"loc":{"start":{"line":238,"column":11},"end":{"line":238,"column":25}},"type":"binary-expr","locations":[{"start":{"line":238,"column":11},"end":{"line":238,"column":25}},{"start":{"line":238,"column":23},"end":{"line":238,"column":25}}]},"32":{"loc":{"start":{"line":238,"column":34},"end":{"line":238,"column":62}},"type":"cond-expr","locations":[{"start":{"line":238,"column":52},"end":{"line":238,"column":54}},{"start":{"line":238,"column":52},"end":{"line":238,"column":62}}]},"33":{"loc":{"start":{"line":238,"column":34},"end":{"line":238,"column":54}},"type":"binary-expr","locations":[{"start":{"line":238,"column":34},"end":{"line":238,"column":54}},{"start":{"line":238,"column":52},"end":{"line":238,"column":54}}]},"34":{"loc":{"start":{"line":238,"column":34},"end":{"line":238,"column":52}},"type":"cond-expr","locations":[{"start":{"line":238,"column":46},"end":{"line":238,"column":48}},{"start":{"line":238,"column":46},"end":{"line":238,"column":52}}]},"35":{"loc":{"start":{"line":238,"column":34},"end":{"line":238,"column":48}},"type":"binary-expr","locations":[{"start":{"line":238,"column":34},"end":{"line":238,"column":48}},{"start":{"line":238,"column":46},"end":{"line":238,"column":48}}]},"36":{"loc":{"start":{"line":239,"column":9},"end":{"line":239,"column":32}},"type":"cond-expr","locations":[{"start":{"line":239,"column":27},"end":{"line":239,"column":29}},{"start":{"line":239,"column":27},"end":{"line":239,"column":32}}]},"37":{"loc":{"start":{"line":239,"column":9},"end":{"line":239,"column":29}},"type":"binary-expr","locations":[{"start":{"line":239,"column":9},"end":{"line":239,"column":29}},{"start":{"line":239,"column":27},"end":{"line":239,"column":29}}]},"38":{"loc":{"start":{"line":239,"column":9},"end":{"line":239,"column":27}},"type":"cond-expr","locations":[{"start":{"line":239,"column":21},"end":{"line":239,"column":23}},{"start":{"line":239,"column":21},"end":{"line":239,"column":27}}]},"39":{"loc":{"start":{"line":239,"column":9},"end":{"line":239,"column":23}},"type":"binary-expr","locations":[{"start":{"line":239,"column":9},"end":{"line":239,"column":23}},{"start":{"line":239,"column":21},"end":{"line":239,"column":23}}]},"40":{"loc":{"start":{"line":240,"column":14},"end":{"line":240,"column":45}},"type":"cond-expr","locations":[{"start":{"line":240,"column":32},"end":{"line":240,"column":34}},{"start":{"line":240,"column":32},"end":{"line":240,"column":45}}]},"41":{"loc":{"start":{"line":240,"column":14},"end":{"line":240,"column":34}},"type":"binary-expr","locations":[{"start":{"line":240,"column":14},"end":{"line":240,"column":34}},{"start":{"line":240,"column":32},"end":{"line":240,"column":34}}]},"42":{"loc":{"start":{"line":240,"column":14},"end":{"line":240,"column":32}},"type":"cond-expr","locations":[{"start":{"line":240,"column":26},"end":{"line":240,"column":28}},{"start":{"line":240,"column":26},"end":{"line":240,"column":32}}]},"43":{"loc":{"start":{"line":240,"column":14},"end":{"line":240,"column":28}},"type":"binary-expr","locations":[{"start":{"line":240,"column":14},"end":{"line":240,"column":28}},{"start":{"line":240,"column":26},"end":{"line":240,"column":28}}]}},"s":{"0":0,"1":0,"2":0,"3":0,"4":0,"5":0,"6":0,"7":0,"8":0,"9":0,"10":0,"11":0,"12":0,"13":0,"14":0,"15":0,"16":0,"17":0,"18":0,"19":0,"20":0,"21":0,"22":0,"23":0,"24":0,"25":0,"26":0,"27":0,"28":0,"29":0,"30":0,"31":0,"32":0,"33":0,"34":0,"35":0,"36":0,"37":0,"38":0,"39":0,"40":0,"41":0,"42":0,"43":0,"44":0,"45":0,"46":0,"47":0,"48":0,"49":0,"50":0,"51":0,"52":0,"53":0,"54":0,"55":0,"56":0,"57":0,"58":0,"59":0,"60":0,"61":0,"62":0,"63":0,"64":0,"65":0},"f":{"0":0,"1":0,"2":0,"3":0,"4":0,"5":0,"6":0,"7":0,"8":0,"9":0,"10":0,"11":0,"12":0,"13":0,"14":0,"15":0,"16":0,"17":0,"18":0,"19":0,"20":0,"21":0,"22":0,"23":0,"24":0,"25":0,"26":0},"b":{"0":[0,0],"1":[0,0],"2":[0,0],"3":[0,0,0],"4":[0,0],"5":[0,0],"6":[0,0],"7":[0,0],"8":[0,0],"9":[0,0],"10":[0,0],"11":[0,0],"12":[0,0],"13":[0,0],"14":[0,0],"15":[0,0],"16":[0,0],"17":[0,0],"18":[0,0],"19":[0,0],"20":[0,0,0],"21":[0,0],"22":[0,0],"23":[0,0],"24":[0,0],"25":[0,0],"26":[0,0],"27":[0,0],"28":[0,0],"29":[0,0],"30":[0,0],"31":[0,0],"32":[0,0],"33":[0,0],"34":[0,0],"35":[0,0],"36":[0,0],"37":[0,0],"38":[0,0],"39":[0,0],"40":[0,0],"41":[0,0],"42":[0,0],"43":[0,0]}}
,"/Users/loaclme/projects/contentful-richtext-editor/src/components/Toolbar.tsx": {"path":"/Users/loaclme/projects/contentful-richtext-editor/src/components/Toolbar.tsx","statementMap":{"0":{"start":{"line":1,"column":0},"end":{"line":1,"column":40}},"1":{"start":{"line":15,"column":57},"end":{"line":304,"column":1}},"2":{"start":{"line":16,"column":8},"end":{"line":16,"column":null}},"3":{"start":{"line":17,"column":14},"end":{"line":17,"column":null}},"4":{"start":{"line":18,"column":14},"end":{"line":18,"column":null}},"5":{"start":{"line":19,"column":20},"end":{"line":19,"column":null}},"6":{"start":{"line":20,"column":2},"end":{"line":20,"column":18}},"7":{"start":{"line":20,"column":18},"end":{"line":20,"column":null}},"8":{"start":{"line":21,"column":2},"end":{"line":21,"column":19}},"9":{"start":{"line":21,"column":19},"end":{"line":21,"column":null}},"10":{"start":{"line":22,"column":2},"end":{"line":22,"column":16}},"11":{"start":{"line":22,"column":16},"end":{"line":22,"column":null}},"12":{"start":{"line":23,"column":2},"end":{"line":23,"column":17}},"13":{"start":{"line":23,"column":17},"end":{"line":23,"column":null}},"14":{"start":{"line":25,"column":44},"end":{"line":25,"column":59}},"15":{"start":{"line":25,"column":22},"end":{"line":25,"column":24}},"16":{"start":{"line":25,"column":40},"end":{"line":25,"column":44}},"17":{"start":{"line":26,"column":32},"end":{"line":26,"column":44}},"18":{"start":{"line":26,"column":16},"end":{"line":26,"column":18}},"19":{"start":{"line":26,"column":28},"end":{"line":26,"column":32}},"20":{"start":{"line":28,"column":21},"end":{"line":28,"column":58}},"21":{"start":{"line":28,"column":42},"end":{"line":28,"column":77}},"22":{"start":{"line":29,"column":26},"end":{"line":29,"column":83}},"23":{"start":{"line":29,"column":69},"end":{"line":29,"column":99}},"24":{"start":{"line":31,"column":30},"end":{"line":37,"column":3}},"25":{"start":{"line":32,"column":4},"end":{"line":36,"column":5}},"26":{"start":{"line":33,"column":6},"end":{"line":33,"column":50}},"27":{"start":{"line":35,"column":6},"end":{"line":35,"column":92}},"28":{"start":{"line":39,"column":27},"end":{"line":46,"column":3}},"29":{"start":{"line":40,"column":4},"end":{"line":45,"column":5}},"30":{"start":{"line":41,"column":6},"end":{"line":41,"column":47}},"31":{"start":{"line":43,"column":6},"end":{"line":43,"column":29}},"32":{"start":{"line":44,"column":6},"end":{"line":44,"column":58}},"33":{"start":{"line":48,"column":27},"end":{"line":54,"column":3}},"34":{"start":{"line":49,"column":4},"end":{"line":51,"column":5}},"35":{"start":{"line":50,"column":6},"end":{"line":50,"column":62}},"36":{"start":{"line":52,"column":4},"end":{"line":52,"column":28}},"37":{"start":{"line":53,"column":4},"end":{"line":53,"column":19}},"38":{"start":{"line":56,"column":27},"end":{"line":59,"column":3}},"39":{"start":{"line":57,"column":4},"end":{"line":57,"column":28}},"40":{"start":{"line":58,"column":4},"end":{"line":58,"column":19}},"41":{"start":{"line":61,"column":22},"end":{"line":63,"column":3}},"42":{"start":{"line":62,"column":4},"end":{"line":62,"column":88}},"43":{"start":{"line":65,"column":27},"end":{"line":72,"column":3}},"44":{"start":{"line":66,"column":4},"end":{"line":70,"column":5}},"45":{"start":{"line":66,"column":24},"end":{"line":66,"column":41}},"46":{"start":{"line":66,"column":20},"end":{"line":66,"column":24}},"47":{"start":{"line":67,"column":6},"end":{"line":69,"column":7}},"48":{"start":{"line":68,"column":8},"end":{"line":68,"column":34}},"49":{"start":{"line":71,"column":4},"end":{"line":71,"column":25}},"50":{"start":{"line":74,"column":22},"end":{"line":74,"column":77}},"51":{"start":{"line":75,"column":29},"end":{"line":75,"column":79}},"52":{"start":{"line":76,"column":31},"end":{"line":76,"column":102}},"53":{"start":{"line":76,"column":59},"end":{"line":76,"column":102}},"54":{"start":{"line":78,"column":2},"end":{"line":303,"column":4}},"55":{"start":{"line":87,"column":28},"end":{"line":87,"column":42}},"56":{"start":{"line":88,"column":14},"end":{"line":93,"column":15}},"57":{"start":{"line":89,"column":16},"end":{"line":89,"column":39}},"58":{"start":{"line":91,"column":30},"end":{"line":91,"column":69}},"59":{"start":{"line":92,"column":16},"end":{"line":92,"column":43}},"60":{"start":{"line":97,"column":44},"end":{"line":101,"column":14}},"61":{"start":{"line":107,"column":25},"end":{"line":107,"column":null}},"62":{"start":{"line":116,"column":25},"end":{"line":116,"column":null}},"63":{"start":{"line":133,"column":31},"end":{"line":133,"column":null}},"64":{"start":{"line":143,"column":31},"end":{"line":143,"column":null}},"65":{"start":{"line":153,"column":31},"end":{"line":153,"column":null}},"66":{"start":{"line":181,"column":39},"end":{"line":181,"column":null}},"67":{"start":{"line":184,"column":24},"end":{"line":187,"column":25}},"68":{"start":{"line":185,"column":26},"end":{"line":185,"column":45}},"69":{"start":{"line":186,"column":26},"end":{"line":186,"column":45}},"70":{"start":{"line":188,"column":24},"end":{"line":191,"column":25}},"71":{"start":{"line":189,"column":26},"end":{"line":189,"column":45}},"72":{"start":{"line":190,"column":26},"end":{"line":190,"column":45}},"73":{"start":{"line":215,"column":33},"end":{"line":215,"column":null}},"74":{"start":{"line":223,"column":33},"end":{"line":223,"column":null}},"75":{"start":{"line":234,"column":31},"end":{"line":234,"column":null}},"76":{"start":{"line":243,"column":29},"end":{"line":243,"column":null}},"77":{"start":{"line":15,"column":13},"end":{"line":15,"column":57}}},"fnMap":{"0":{"name":"(anonymous_0)","decl":{"start":{"line":15,"column":57},"end":{"line":15,"column":58}},"loc":{"start":{"line":24,"column":1},"end":{"line":304,"column":1}}},"1":{"name":"(anonymous_1)","decl":{"start":{"line":28,"column":21},"end":{"line":28,"column":22}},"loc":{"start":{"line":28,"column":37},"end":{"line":28,"column":58}}},"2":{"name":"(anonymous_2)","decl":{"start":{"line":29,"column":26},"end":{"line":29,"column":27}},"loc":{"start":{"line":29,"column":64},"end":{"line":29,"column":83}}},"3":{"name":"(anonymous_3)","decl":{"start":{"line":31,"column":30},"end":{"line":31,"column":31}},"loc":{"start":{"line":31,"column":44},"end":{"line":37,"column":3}}},"4":{"name":"(anonymous_4)","decl":{"start":{"line":39,"column":27},"end":{"line":39,"column":null}},"loc":{"start":{"line":39,"column":27},"end":{"line":46,"column":3}}},"5":{"name":"(anonymous_5)","decl":{"start":{"line":48,"column":27},"end":{"line":48,"column":null}},"loc":{"start":{"line":48,"column":27},"end":{"line":54,"column":3}}},"6":{"name":"(anonymous_6)","decl":{"start":{"line":56,"column":27},"end":{"line":56,"column":null}},"loc":{"start":{"line":56,"column":27},"end":{"line":59,"column":3}}},"7":{"name":"(anonymous_7)","decl":{"start":{"line":61,"column":22},"end":{"line":61,"column":null}},"loc":{"start":{"line":61,"column":22},"end":{"line":63,"column":3}}},"8":{"name":"(anonymous_8)","decl":{"start":{"line":65,"column":27},"end":{"line":65,"column":null}},"loc":{"start":{"line":65,"column":27},"end":{"line":72,"column":3}}},"9":{"name":"(anonymous_9)","decl":{"start":{"line":76,"column":51},"end":{"line":76,"column":55}},"loc":{"start":{"line":76,"column":55},"end":{"line":76,"column":60}}},"10":{"name":"(anonymous_10)","decl":{"start":{"line":86,"column":22},"end":{"line":86,"column":23}},"loc":{"start":{"line":86,"column":24},"end":{"line":94,"column":13}}},"11":{"name":"(anonymous_11)","decl":{"start":{"line":97,"column":35},"end":{"line":97,"column":40}},"loc":{"start":{"line":97,"column":40},"end":{"line":97,"column":null}}},"12":{"name":"(anonymous_12)","decl":{"start":{"line":107,"column":19},"end":{"line":107,"column":25}},"loc":{"start":{"line":107,"column":19},"end":{"line":107,"column":31}}},"13":{"name":"(anonymous_13)","decl":{"start":{"line":116,"column":19},"end":{"line":116,"column":25}},"loc":{"start":{"line":116,"column":19},"end":{"line":116,"column":31}}},"14":{"name":"(anonymous_14)","decl":{"start":{"line":133,"column":25},"end":{"line":133,"column":31}},"loc":{"start":{"line":133,"column":25},"end":{"line":133,"column":37}}},"15":{"name":"(anonymous_15)","decl":{"start":{"line":143,"column":25},"end":{"line":143,"column":31}},"loc":{"start":{"line":143,"column":25},"end":{"line":143,"column":37}}},"16":{"name":"(anonymous_16)","decl":{"start":{"line":153,"column":25},"end":{"line":153,"column":31}},"loc":{"start":{"line":153,"column":25},"end":{"line":153,"column":37}}},"17":{"name":"(anonymous_17)","decl":{"start":{"line":181,"column":32},"end":{"line":181,"column":33}},"loc":{"start":{"line":181,"column":34},"end":{"line":181,"column":49}}},"18":{"name":"(anonymous_18)","decl":{"start":{"line":183,"column":33},"end":{"line":183,"column":34}},"loc":{"start":{"line":183,"column":35},"end":{"line":192,"column":23}}},"19":{"name":"(anonymous_19)","decl":{"start":{"line":215,"column":27},"end":{"line":215,"column":33}},"loc":{"start":{"line":215,"column":27},"end":{"line":215,"column":39}}},"20":{"name":"(anonymous_20)","decl":{"start":{"line":223,"column":27},"end":{"line":223,"column":33}},"loc":{"start":{"line":223,"column":27},"end":{"line":223,"column":39}}},"21":{"name":"(anonymous_21)","decl":{"start":{"line":234,"column":25},"end":{"line":234,"column":31}},"loc":{"start":{"line":234,"column":25},"end":{"line":234,"column":37}}},"22":{"name":"(anonymous_22)","decl":{"start":{"line":243,"column":23},"end":{"line":243,"column":29}},"loc":{"start":{"line":243,"column":23},"end":{"line":243,"column":35}}}},"branchMap":{"0":{"loc":{"start":{"line":20,"column":18},"end":{"line":20,"column":null}},"type":"cond-expr","locations":[{"start":{"line":20,"column":21},"end":{"line":20,"column":23}},{"start":{"line":20,"column":23},"end":{"line":20,"column":null}}]},"1":{"loc":{"start":{"line":21,"column":19},"end":{"line":21,"column":null}},"type":"cond-expr","locations":[{"start":{"line":21,"column":22},"end":{"line":21,"column":40}},{"start":{"line":21,"column":40},"end":{"line":21,"column":null}}]},"2":{"loc":{"start":{"line":22,"column":16},"end":{"line":22,"column":null}},"type":"cond-expr","locations":[{"start":{"line":22,"column":19},"end":{"line":22,"column":50}},{"start":{"line":22,"column":50},"end":{"line":22,"column":null}}]},"3":{"loc":{"start":{"line":23,"column":17},"end":{"line":23,"column":null}},"type":"cond-expr","locations":[{"start":{"line":23,"column":20},"end":{"line":23,"column":24}},{"start":{"line":23,"column":24},"end":{"line":23,"column":null}}]},"4":{"loc":{"start":{"line":32,"column":4},"end":{"line":36,"column":5}},"type":"if","locations":[{"start":{"line":32,"column":4},"end":{"line":36,"column":5}},{"start":{"line":34,"column":11},"end":{"line":36,"column":5}}]},"5":{"loc":{"start":{"line":40,"column":4},"end":{"line":45,"column":5}},"type":"if","locations":[{"start":{"line":40,"column":4},"end":{"line":45,"column":5}},{"start":{"line":42,"column":11},"end":{"line":45,"column":5}}]},"6":{"loc":{"start":{"line":44,"column":17},"end":{"line":44,"column":56}},"type":"binary-expr","locations":[{"start":{"line":44,"column":17},"end":{"line":44,"column":50}},{"start":{"line":44,"column":54},"end":{"line":44,"column":56}}]},"7":{"loc":{"start":{"line":49,"column":4},"end":{"line":51,"column":5}},"type":"if","locations":[{"start":{"line":49,"column":4},"end":{"line":51,"column":5}},{"start":{},"end":{}}]},"8":{"loc":{"start":{"line":67,"column":6},"end":{"line":69,"column":7}},"type":"if","locations":[{"start":{"line":67,"column":6},"end":{"line":69,"column":7}},{"start":{},"end":{}}]},"9":{"loc":{"start":{"line":74,"column":22},"end":{"line":74,"column":77}},"type":"binary-expr","locations":[{"start":{"line":74,"column":22},"end":{"line":74,"column":45}},{"start":{"line":74,"column":49},"end":{"line":74,"column":77}}]},"10":{"loc":{"start":{"line":75,"column":29},"end":{"line":75,"column":79}},"type":"binary-expr","locations":[{"start":{"line":75,"column":29},"end":{"line":75,"column":41}},{"start":{"line":75,"column":45},"end":{"line":75,"column":57}},{"start":{"line":75,"column":61},"end":{"line":75,"column":79}}]},"11":{"loc":{"start":{"line":76,"column":59},"end":{"line":76,"column":101}},"type":"binary-expr","locations":[{"start":{"line":76,"column":59},"end":{"line":76,"column":76}},{"start":{"line":76,"column":80},"end":{"line":76,"column":101}}]},"12":{"loc":{"start":{"line":82,"column":9},"end":{"line":102,"column":null}},"type":"binary-expr","locations":[{"start":{"line":82,"column":9},"end":{"line":82,"column":20}},{"start":{"line":83,"column":10},"end":{"line":101,"column":null}}]},"13":{"loc":{"start":{"line":88,"column":14},"end":{"line":93,"column":15}},"type":"if","locations":[{"start":{"line":88,"column":14},"end":{"line":93,"column":15}},{"start":{"line":90,"column":21},"end":{"line":93,"column":15}}]},"14":{"loc":{"start":{"line":125,"column":7},"end":{"line":202,"column":null}},"type":"binary-expr","locations":[{"start":{"line":125,"column":8},"end":{"line":125,"column":28}},{"start":{"line":125,"column":32},"end":{"line":125,"column":47}},{"start":{"line":126,"column":8},"end":{"line":201,"column":null}}]},"15":{"loc":{"start":{"line":130,"column":13},"end":{"line":137,"column":null}},"type":"binary-expr","locations":[{"start":{"line":130,"column":13},"end":{"line":130,"column":32}},{"start":{"line":130,"column":36},"end":{"line":130,"column":59}},{"start":{"line":131,"column":14},"end":{"line":136,"column":null}}]},"16":{"loc":{"start":{"line":132,"column":57},"end":{"line":132,"column":124}},"type":"cond-expr","locations":[{"start":{"line":132,"column":83},"end":{"line":132,"column":119}},{"start":{"line":132,"column":122},"end":{"line":132,"column":124}}]},"17":{"loc":{"start":{"line":140,"column":13},"end":{"line":147,"column":null}},"type":"binary-expr","locations":[{"start":{"line":140,"column":13},"end":{"line":140,"column":34}},{"start":{"line":140,"column":38},"end":{"line":140,"column":63}},{"start":{"line":141,"column":14},"end":{"line":146,"column":null}}]},"18":{"loc":{"start":{"line":142,"column":57},"end":{"line":142,"column":126}},"type":"cond-expr","locations":[{"start":{"line":142,"column":85},"end":{"line":142,"column":121}},{"start":{"line":142,"column":124},"end":{"line":142,"column":126}}]},"19":{"loc":{"start":{"line":150,"column":13},"end":{"line":157,"column":null}},"type":"binary-expr","locations":[{"start":{"line":150,"column":13},"end":{"line":150,"column":37}},{"start":{"line":150,"column":41},"end":{"line":150,"column":69}},{"start":{"line":151,"column":14},"end":{"line":156,"column":null}}]},"20":{"loc":{"start":{"line":152,"column":57},"end":{"line":152,"column":129}},"type":"cond-expr","locations":[{"start":{"line":152,"column":88},"end":{"line":152,"column":124}},{"start":{"line":152,"column":127},"end":{"line":152,"column":129}}]},"21":{"loc":{"start":{"line":167,"column":13},"end":{"line":199,"column":null}},"type":"binary-expr","locations":[{"start":{"line":167,"column":13},"end":{"line":167,"column":32}},{"start":{"line":167,"column":36},"end":{"line":167,"column":51}},{"start":{"line":168,"column":14},"end":{"line":198,"column":null}}]},"22":{"loc":{"start":{"line":170,"column":59},"end":{"line":170,"column":126}},"type":"cond-expr","locations":[{"start":{"line":170,"column":85},"end":{"line":170,"column":121}},{"start":{"line":170,"column":124},"end":{"line":170,"column":126}}]},"23":{"loc":{"start":{"line":176,"column":17},"end":{"line":197,"column":null}},"type":"binary-expr","locations":[{"start":{"line":176,"column":17},"end":{"line":176,"column":30}},{"start":{"line":177,"column":18},"end":{"line":196,"column":null}}]},"24":{"loc":{"start":{"line":184,"column":24},"end":{"line":187,"column":25}},"type":"if","locations":[{"start":{"line":184,"column":24},"end":{"line":187,"column":25}},{"start":{},"end":{}}]},"25":{"loc":{"start":{"line":188,"column":24},"end":{"line":191,"column":25}},"type":"if","locations":[{"start":{"line":188,"column":24},"end":{"line":191,"column":25}},{"start":{},"end":{}}]},"26":{"loc":{"start":{"line":206,"column":7},"end":{"line":259,"column":null}},"type":"binary-expr","locations":[{"start":{"line":206,"column":8},"end":{"line":206,"column":28}},{"start":{"line":206,"column":32},"end":{"line":206,"column":52}},{"start":{"line":206,"column":56},"end":{"line":206,"column":76}},{"start":{"line":207,"column":8},"end":{"line":258,"column":null}}]},"27":{"loc":{"start":{"line":211,"column":13},"end":{"line":228,"column":null}},"type":"binary-expr","locations":[{"start":{"line":211,"column":13},"end":{"line":211,"column":33}},{"start":{"line":212,"column":14},"end":{"line":227,"column":null}}]},"28":{"loc":{"start":{"line":214,"column":59},"end":{"line":214,"column":132}},"type":"cond-expr","locations":[{"start":{"line":214,"column":91},"end":{"line":214,"column":127}},{"start":{"line":214,"column":130},"end":{"line":214,"column":132}}]},"29":{"loc":{"start":{"line":222,"column":59},"end":{"line":222,"column":133}},"type":"cond-expr","locations":[{"start":{"line":222,"column":92},"end":{"line":222,"column":128}},{"start":{"line":222,"column":131},"end":{"line":222,"column":133}}]},"30":{"loc":{"start":{"line":231,"column":13},"end":{"line":238,"column":null}},"type":"binary-expr","locations":[{"start":{"line":231,"column":13},"end":{"line":231,"column":33}},{"start":{"line":232,"column":14},"end":{"line":235,"column":null}}]},"31":{"loc":{"start":{"line":233,"column":57},"end":{"line":233,"column":130}},"type":"cond-expr","locations":[{"start":{"line":233,"column":89},"end":{"line":233,"column":125}},{"start":{"line":233,"column":128},"end":{"line":233,"column":130}}]},"32":{"loc":{"start":{"line":249,"column":13},"end":{"line":256,"column":null}},"type":"binary-expr","locations":[{"start":{"line":249,"column":13},"end":{"line":249,"column":33}},{"start":{"line":250,"column":14},"end":{"line":253,"column":null}}]},"33":{"loc":{"start":{"line":263,"column":7},"end":{"line":300,"column":null}},"type":"binary-expr","locations":[{"start":{"line":263,"column":7},"end":{"line":263,"column":25}},{"start":{"line":263,"column":29},"end":{"line":263,"column":49}},{"start":{"line":264,"column":8},"end":{"line":299,"column":null}}]},"34":{"loc":{"start":{"line":273,"column":17},"end":{"line":279,"column":null}},"type":"binary-expr","locations":[{"start":{"line":273,"column":17},"end":{"line":273,"column":29}},{"start":{"line":274,"column":18},"end":{"line":276,"column":null}}]},"35":{"loc":{"start":{"line":281,"column":17},"end":{"line":287,"column":null}},"type":"binary-expr","locations":[{"start":{"line":281,"column":17},"end":{"line":281,"column":35}},{"start":{"line":282,"column":18},"end":{"line":284,"column":null}}]},"36":{"loc":{"start":{"line":289,"column":17},"end":{"line":295,"column":null}},"type":"binary-expr","locations":[{"start":{"line":289,"column":17},"end":{"line":289,"column":29}},{"start":{"line":290,"column":18},"end":{"line":292,"column":null}}]}},"s":{"0":1,"1":1,"2":31,"3":31,"4":31,"5":31,"6":31,"7":31,"8":31,"9":31,"10":31,"11":31,"12":31,"13":31,"14":31,"15":31,"16":31,"17":31,"18":31,"19":31,"20":31,"21":313,"22":31,"23":122,"24":31,"25":1,"26":1,"27":0,"28":31,"29":2,"30":0,"31":2,"32":2,"33":31,"34":1,"35":1,"36":1,"37":1,"38":31,"39":0,"40":0,"41":31,"42":1,"43":31,"44":31,"45":62,"46":182,"47":182,"48":1,"49":30,"50":31,"51":31,"52":31,"53":33,"54":31,"55":1,"56":1,"57":1,"58":0,"59":0,"60":186,"61":0,"62":0,"63":1,"64":0,"65":0,"66":19,"67":19,"68":0,"69":0,"70":19,"71":0,"72":0,"73":0,"74":0,"75":0,"76":0,"77":1},"f":{"0":31,"1":313,"2":122,"3":1,"4":2,"5":1,"6":0,"7":1,"8":31,"9":33,"10":1,"11":186,"12":0,"13":0,"14":1,"15":0,"16":0,"17":19,"18":19,"19":0,"20":0,"21":0,"22":0},"b":{"0":[30,1],"1":[31,0],"2":[31,0],"3":[31,0],"4":[1,0],"5":[0,2],"6":[2,2],"7":[1,0],"8":[1,181],"9":[31,31],"10":[31,30,30],"11":[33,31],"12":[31,31],"13":[1,0],"14":[31,0,31],"15":[31,30,30],"16":[0,30],"17":[31,30,30],"18":[0,30],"19":[31,31,31],"20":[0,31],"21":[31,30,30],"22":[0,30],"23":[30,21],"24":[0,19],"25":[0,19],"26":[31,0,0,31],"27":[31,31],"28":[0,31],"29":[0,31],"30":[31,31],"31":[0,31],"32":[31,31],"33":[31,1,1],"34":[1,1],"35":[1,0],"36":[1,0]}}
,"/Users/loaclme/projects/contentful-richtext-editor/src/utils/configParser.ts": {"path":"/Users/loaclme/projects/contentful-richtext-editor/src/utils/configParser.ts","statementMap":{"0":{"start":{"line":31,"column":42},"end":{"line":104,"column":1}},"1":{"start":{"line":35,"column":44},"end":{"line":46,"column":4}},"2":{"start":{"line":48,"column":2},"end":{"line":50,"column":3}},"3":{"start":{"line":49,"column":4},"end":{"line":49,"column":25}},"4":{"start":{"line":52,"column":21},"end":{"line":52,"column":54}},"5":{"start":{"line":53,"column":23},"end":{"line":53,"column":52}},"6":{"start":{"line":54,"column":27},"end":{"line":54,"column":60}},"7":{"start":{"line":57,"column":56},"end":{"line":57,"column":58}},"8":{"start":{"line":58,"column":2},"end":{"line":58,"column":56}},"9":{"start":{"line":58,"column":37},"end":{"line":58,"column":56}},"10":{"start":{"line":59,"column":2},"end":{"line":59,"column":60}},"11":{"start":{"line":59,"column":39},"end":{"line":59,"column":60}},"12":{"start":{"line":60,"column":2},"end":{"line":60,"column":66}},"13":{"start":{"line":60,"column":42},"end":{"line":60,"column":66}},"14":{"start":{"line":63,"column":49},"end":{"line":63,"column":51}},"15":{"start":{"line":64,"column":2},"end":{"line":64,"column":63}},"16":{"start":{"line":64,"column":46},"end":{"line":64,"column":63}},"17":{"start":{"line":65,"column":2},"end":{"line":65,"column":63}},"18":{"start":{"line":65,"column":46},"end":{"line":65,"column":63}},"19":{"start":{"line":66,"column":2},"end":{"line":66,"column":63}},"20":{"start":{"line":66,"column":46},"end":{"line":66,"column":63}},"21":{"start":{"line":67,"column":2},"end":{"line":67,"column":63}},"22":{"start":{"line":67,"column":46},"end":{"line":67,"column":63}},"23":{"start":{"line":68,"column":2},"end":{"line":68,"column":63}},"24":{"start":{"line":68,"column":46},"end":{"line":68,"column":63}},"25":{"start":{"line":69,"column":2},"end":{"line":69,"column":63}},"26":{"start":{"line":69,"column":46},"end":{"line":69,"column":63}},"27":{"start":{"line":72,"column":26},"end":{"line":72,"column":64}},"28":{"start":{"line":73,"column":31},"end":{"line":73,"column":80}},"29":{"start":{"line":74,"column":30},"end":{"line":74,"column":79}},"30":{"start":{"line":75,"column":29},"end":{"line":75,"column":79}},"31":{"start":{"line":76,"column":22},"end":{"line":76,"column":56}},"32":{"start":{"line":77,"column":22},"end":{"line":77,"column":99}},"33":{"start":{"line":78,"column":21},"end":{"line":78,"column":109}},"34":{"start":{"line":81,"column":29},"end":{"line":81,"column":31}},"35":{"start":{"line":82,"column":2},"end":{"line":82,"column":53}},"36":{"start":{"line":82,"column":31},"end":{"line":82,"column":53}},"37":{"start":{"line":83,"column":2},"end":{"line":83,"column":57}},"38":{"start":{"line":83,"column":33},"end":{"line":83,"column":57}},"39":{"start":{"line":84,"column":2},"end":{"line":84,"column":63}},"40":{"start":{"line":84,"column":36},"end":{"line":84,"column":63}},"41":{"start":{"line":85,"column":2},"end":{"line":85,"column":46}},"42":{"start":{"line":85,"column":24},"end":{"line":85,"column":46}},"43":{"start":{"line":86,"column":2},"end":{"line":86,"column":42}},"44":{"start":{"line":86,"column":19},"end":{"line":86,"column":42}},"45":{"start":{"line":87,"column":2},"end":{"line":87,"column":55}},"46":{"start":{"line":87,"column":29},"end":{"line":87,"column":55}},"47":{"start":{"line":88,"column":2},"end":{"line":88,"column":43}},"48":{"start":{"line":88,"column":20},"end":{"line":88,"column":43}},"49":{"start":{"line":89,"column":2},"end":{"line":89,"column":43}},"50":{"start":{"line":89,"column":20},"end":{"line":89,"column":43}},"51":{"start":{"line":90,"column":2},"end":{"line":90,"column":99}},"52":{"start":{"line":90,"column":76},"end":{"line":90,"column":99}},"53":{"start":{"line":92,"column":2},"end":{"line":103,"column":4}},"54":{"start":{"line":31,"column":13},"end":{"line":31,"column":42}},"55":{"start":{"line":109,"column":42},"end":{"line":148,"column":2}},"56":{"start":{"line":113,"column":21},"end":{"line":148,"column":2}},"57":{"start":{"line":116,"column":21},"end":{"line":124,"column":null}},"58":{"start":{"line":116,"column":10},"end":{"line":124,"column":null}},"59":{"start":{"line":126,"column":4},"end":{"line":128,"column":5}},"60":{"start":{"line":127,"column":6},"end":{"line":127,"column":97}},"61":{"start":{"line":130,"column":24},"end":{"line":130,"column":null}},"62":{"start":{"line":130,"column":10},"end":{"line":130,"column":null}},"63":{"start":{"line":131,"column":10},"end":{"line":131,"column":72}},"64":{"start":{"line":131,"column":54},"end":{"line":131,"column":71}},"65":{"start":{"line":133,"column":4},"end":{"line":136,"column":5}},"66":{"start":{"line":134,"column":6},"end":{"line":134,"column":78}},"67":{"start":{"line":135,"column":6},"end":{"line":135,"column":18}},"68":{"start":{"line":138,"column":4},"end":{"line":143,"column":6}},"69":{"start":{"line":145,"column":4},"end":{"line":145,"column":75}},"70":{"start":{"line":146,"column":4},"end":{"line":146,"column":16}},"71":{"start":{"line":109,"column":13},"end":{"line":109,"column":42}},"72":{"start":{"line":153,"column":37},"end":{"line":172,"column":1}},"73":{"start":{"line":157,"column":2},"end":{"line":171,"column":4}},"74":{"start":{"line":153,"column":13},"end":{"line":153,"column":37}}},"fnMap":{"0":{"name":"(anonymous_13)","decl":{"start":{"line":31,"column":42},"end":{"line":31,"column":null}},"loc":{"start":{"line":32,"column":51},"end":{"line":104,"column":1}}},"1":{"name":"(anonymous_14)","decl":{"start":{"line":109,"column":42},"end":{"line":109,"column":null}},"loc":{"start":{"line":113,"column":21},"end":{"line":148,"column":2}}},"2":{"name":"(anonymous_15)","decl":{"start":{"line":113,"column":21},"end":{"line":113,"column":null}},"loc":{"start":{"line":113,"column":21},"end":{"line":148,"column":2}}},"3":{"name":"(anonymous_17)","decl":{"start":{"line":131,"column":42},"end":{"line":131,"column":43}},"loc":{"start":{"line":131,"column":49},"end":{"line":131,"column":55}}},"4":{"name":"(anonymous_18)","decl":{"start":{"line":153,"column":37},"end":{"line":153,"column":38}},"loc":{"start":{"line":156,"column":1},"end":{"line":172,"column":1}}}},"branchMap":{"0":{"loc":{"start":{"line":48,"column":2},"end":{"line":50,"column":3}},"type":"if","locations":[{"start":{"line":48,"column":2},"end":{"line":50,"column":3}},{"start":{},"end":{}}]},"1":{"loc":{"start":{"line":48,"column":7},"end":{"line":48,"column":43}},"type":"cond-expr","locations":[{"start":{"line":48,"column":38},"end":{"line":48,"column":41}},{"start":{"line":48,"column":38},"end":{"line":48,"column":43}}]},"2":{"loc":{"start":{"line":48,"column":7},"end":{"line":48,"column":41}},"type":"binary-expr","locations":[{"start":{"line":48,"column":7},"end":{"line":48,"column":41}},{"start":{"line":48,"column":38},"end":{"line":48,"column":41}}]},"3":{"loc":{"start":{"line":48,"column":7},"end":{"line":48,"column":38}},"type":"cond-expr","locations":[{"start":{"line":48,"column":25},"end":{"line":48,"column":27}},{"start":{"line":48,"column":7},"end":{"line":48,"column":38}}]},"4":{"loc":{"start":{"line":48,"column":7},"end":{"line":48,"column":27}},"type":"binary-expr","locations":[{"start":{"line":48,"column":7},"end":{"line":48,"column":27}},{"start":{"line":48,"column":7},"end":{"line":48,"column":27}}]},"5":{"loc":{"start":{"line":53,"column":23},"end":{"line":53,"column":52}},"type":"binary-expr","locations":[{"start":{"line":53,"column":23},"end":{"line":53,"column":46}},{"start":{"line":53,"column":50},"end":{"line":53,"column":52}}]},"6":{"loc":{"start":{"line":54,"column":27},"end":{"line":54,"column":60}},"type":"binary-expr","locations":[{"start":{"line":54,"column":27},"end":{"line":54,"column":54}},{"start":{"line":54,"column":58},"end":{"line":54,"column":60}}]},"7":{"loc":{"start":{"line":58,"column":2},"end":{"line":58,"column":56}},"type":"if","locations":[{"start":{"line":58,"column":2},"end":{"line":58,"column":56}},{"start":{},"end":{}}]},"8":{"loc":{"start":{"line":59,"column":2},"end":{"line":59,"column":60}},"type":"if","locations":[{"start":{"line":59,"column":2},"end":{"line":59,"column":60}},{"start":{},"end":{}}]},"9":{"loc":{"start":{"line":60,"column":2},"end":{"line":60,"column":66}},"type":"if","locations":[{"start":{"line":60,"column":2},"end":{"line":60,"column":66}},{"start":{},"end":{}}]},"10":{"loc":{"start":{"line":64,"column":2},"end":{"line":64,"column":63}},"type":"if","locations":[{"start":{"line":64,"column":2},"end":{"line":64,"column":63}},{"start":{},"end":{}}]},"11":{"loc":{"start":{"line":65,"column":2},"end":{"line":65,"column":63}},"type":"if","locations":[{"start":{"line":65,"column":2},"end":{"line":65,"column":63}},{"start":{},"end":{}}]},"12":{"loc":{"start":{"line":66,"column":2},"end":{"line":66,"column":63}},"type":"if","locations":[{"start":{"line":66,"column":2},"end":{"line":66,"column":63}},{"start":{},"end":{}}]},"13":{"loc":{"start":{"line":67,"column":2},"end":{"line":67,"column":63}},"type":"if","locations":[{"start":{"line":67,"column":2},"end":{"line":67,"column":63}},{"start":{},"end":{}}]},"14":{"loc":{"start":{"line":68,"column":2},"end":{"line":68,"column":63}},"type":"if","locations":[{"start":{"line":68,"column":2},"end":{"line":68,"column":63}},{"start":{},"end":{}}]},"15":{"loc":{"start":{"line":69,"column":2},"end":{"line":69,"column":63}},"type":"if","locations":[{"start":{"line":69,"column":2},"end":{"line":69,"column":63}},{"start":{},"end":{}}]},"16":{"loc":{"start":{"line":77,"column":22},"end":{"line":77,"column":99}},"type":"binary-expr","locations":[{"start":{"line":77,"column":22},"end":{"line":77,"column":61}},{"start":{"line":77,"column":65},"end":{"line":77,"column":99}}]},"17":{"loc":{"start":{"line":78,"column":21},"end":{"line":78,"column":109}},"type":"binary-expr","locations":[{"start":{"line":78,"column":21},"end":{"line":78,"column":64}},{"start":{"line":78,"column":68},"end":{"line":78,"column":109}}]},"18":{"loc":{"start":{"line":82,"column":2},"end":{"line":82,"column":53}},"type":"if","locations":[{"start":{"line":82,"column":2},"end":{"line":82,"column":53}},{"start":{},"end":{}}]},"19":{"loc":{"start":{"line":83,"column":2},"end":{"line":83,"column":57}},"type":"if","locations":[{"start":{"line":83,"column":2},"end":{"line":83,"column":57}},{"start":{},"end":{}}]},"20":{"loc":{"start":{"line":84,"column":2},"end":{"line":84,"column":63}},"type":"if","locations":[{"start":{"line":84,"column":2},"end":{"line":84,"column":63}},{"start":{},"end":{}}]},"21":{"loc":{"start":{"line":85,"column":2},"end":{"line":85,"column":46}},"type":"if","locations":[{"start":{"line":85,"column":2},"end":{"line":85,"column":46}},{"start":{},"end":{}}]},"22":{"loc":{"start":{"line":86,"column":2},"end":{"line":86,"column":42}},"type":"if","locations":[{"start":{"line":86,"column":2},"end":{"line":86,"column":42}},{"start":{},"end":{}}]},"23":{"loc":{"start":{"line":87,"column":2},"end":{"line":87,"column":55}},"type":"if","locations":[{"start":{"line":87,"column":2},"end":{"line":87,"column":55}},{"start":{},"end":{}}]},"24":{"loc":{"start":{"line":88,"column":2},"end":{"line":88,"column":43}},"type":"if","locations":[{"start":{"line":88,"column":2},"end":{"line":88,"column":43}},{"start":{},"end":{}}]},"25":{"loc":{"start":{"line":89,"column":2},"end":{"line":89,"column":43}},"type":"if","locations":[{"start":{"line":89,"column":2},"end":{"line":89,"column":43}},{"start":{},"end":{}}]},"26":{"loc":{"start":{"line":90,"column":2},"end":{"line":90,"column":99}},"type":"if","locations":[{"start":{"line":90,"column":2},"end":{"line":90,"column":99}},{"start":{},"end":{}}]},"27":{"loc":{"start":{"line":90,"column":6},"end":{"line":90,"column":74}},"type":"binary-expr","locations":[{"start":{"line":90,"column":6},"end":{"line":90,"column":27}},{"start":{"line":90,"column":31},"end":{"line":90,"column":51}},{"start":{"line":90,"column":55},"end":{"line":90,"column":74}}]},"28":{"loc":{"start":{"line":126,"column":4},"end":{"line":128,"column":5}},"type":"if","locations":[{"start":{"line":126,"column":4},"end":{"line":128,"column":5}},{"start":{},"end":{}}]},"29":{"loc":{"start":{"line":133,"column":4},"end":{"line":136,"column":5}},"type":"if","locations":[{"start":{"line":133,"column":4},"end":{"line":136,"column":5}},{"start":{},"end":{}}]},"30":{"loc":{"start":{"line":133,"column":8},"end":{"line":133,"column":43}},"type":"binary-expr","locations":[{"start":{"line":133,"column":8},"end":{"line":133,"column":14}},{"start":{"line":133,"column":18},"end":{"line":133,"column":43}}]},"31":{"loc":{"start":{"line":139,"column":19},"end":{"line":139,"column":42}},"type":"binary-expr","locations":[{"start":{"line":139,"column":19},"end":{"line":139,"column":36}},{"start":{"line":139,"column":40},"end":{"line":139,"column":42}}]},"32":{"loc":{"start":{"line":159,"column":20},"end":{"line":159,"column":62}},"type":"binary-expr","locations":[{"start":{"line":159,"column":20},"end":{"line":159,"column":40}},{"start":{"line":159,"column":44},"end":{"line":159,"column":62}}]},"33":{"loc":{"start":{"line":160,"column":24},"end":{"line":169,"column":null}},"type":"binary-expr","locations":[{"start":{"line":160,"column":24},"end":{"line":160,"column":48}},{"start":{"line":160,"column":52},"end":{"line":169,"column":null}}]}},"s":{"0":1,"1":1,"2":1,"3":1,"4":0,"5":0,"6":0,"7":0,"8":0,"9":0,"10":0,"11":0,"12":0,"13":0,"14":0,"15":0,"16":0,"17":0,"18":0,"19":0,"20":0,"21":0,"22":0,"23":0,"24":0,"25":0,"26":0,"27":0,"28":0,"29":0,"30":0,"31":0,"32":0,"33":0,"34":0,"35":0,"36":0,"37":0,"38":0,"39":0,"40":0,"41":0,"42":0,"43":0,"44":0,"45":0,"46":0,"47":0,"48":0,"49":0,"50":0,"51":0,"52":0,"53":0,"54":1,"55":1,"56":0,"57"
[...]
,"type":"cond-expr","locations":[{"start":{"line":256,"column":31},"end":{"line":256,"column":33}},{"start":{"line":256,"column":31},"end":{"line":256,"column":83}}]},"35":{"loc":{"start":{"line":256,"column":19},"end":{"line":256,"column":33}},"type":"binary-expr","locations":[{"start":{"line":256,"column":19},"end":{"line":256,"column":33}},{"start":{"line":256,"column":31},"end":{"line":256,"column":33}}]},"36":{"loc":{"start":{"line":263,"column":19},"end":{"line":263,"column":83}},"type":"cond-expr","locations":[{"start":{"line":263,"column":31},"end":{"line":263,"column":33}},{"start":{"line":263,"column":31},"end":{"line":263,"column":83}}]},"37":{"loc":{"start":{"line":263,"column":19},"end":{"line":263,"column":33}},"type":"binary-expr","locations":[{"start":{"line":263,"column":19},"end":{"line":263,"column":33}},{"start":{"line":263,"column":31},"end":{"line":263,"column":33}}]},"38":{"loc":{"start":{"line":270,"column":19},"end":{"line":270,"column":83}},"type":"cond-expr","locations":[{"start":{"line":270,"column":31},"end":{"line":270,"column":33}},{"start":{"line":270,"column":31},"end":{"line":270,"column":83}}]},"39":{"loc":{"start":{"line":270,"column":19},"end":{"line":270,"column":33}},"type":"binary-expr","locations":[{"start":{"line":270,"column":19},"end":{"line":270,"column":33}},{"start":{"line":270,"column":31},"end":{"line":270,"column":33}}]},"40":{"loc":{"start":{"line":277,"column":19},"end":{"line":277,"column":83}},"type":"cond-expr","locations":[{"start":{"line":277,"column":31},"end":{"line":277,"column":33}},{"start":{"line":277,"column":31},"end":{"line":277,"column":83}}]},"41":{"loc":{"start":{"line":277,"column":19},"end":{"line":277,"column":33}},"type":"binary-expr","locations":[{"start":{"line":277,"column":19},"end":{"line":277,"column":33}},{"start":{"line":277,"column":31},"end":{"line":277,"column":33}}]},"42":{"loc":{"start":{"line":291,"column":19},"end":{"line":291,"column":83}},"type":"cond-expr","locations":[{"start":{"line":291,"column":31},"end":{"line":291,"column":33}},{"start":{"line":291,"column":31},"end":{"line":291,"column":83}}]},"43":{"loc":{"start":{"line":291,"column":19},"end":{"line":291,"column":33}},"type":"binary-expr","locations":[{"start":{"line":291,"column":19},"end":{"line":291,"column":33}},{"start":{"line":291,"column":31},"end":{"line":291,"column":33}}]},"44":{"loc":{"start":{"line":298,"column":19},"end":{"line":298,"column":83}},"type":"cond-expr","locations":[{"start":{"line":298,"column":31},"end":{"line":298,"column":33}},{"start":{"line":298,"column":31},"end":{"line":298,"column":83}}]},"45":{"loc":{"start":{"line":298,"column":19},"end":{"line":298,"column":33}},"type":"binary-expr","locations":[{"start":{"line":298,"column":19},"end":{"line":298,"column":33}},{"start":{"line":298,"column":31},"end":{"line":298,"column":33}}]},"46":{"loc":{"start":{"line":305,"column":19},"end":{"line":305,"column":83}},"type":"cond-expr","locations":[{"start":{"line":305,"column":31},"end":{"line":305,"column":33}},{"start":{"line":305,"column":31},"end":{"line":305,"column":83}}]},"47":{"loc":{"start":{"line":305,"column":19},"end":{"line":305,"column":33}},"type":"binary-expr","locations":[{"start":{"line":305,"column":19},"end":{"line":305,"column":33}},{"start":{"line":305,"column":31},"end":{"line":305,"column":33}}]},"48":{"loc":{"start":{"line":312,"column":19},"end":{"line":312,"column":83}},"type":"cond-expr","locations":[{"start":{"line":312,"column":31},"end":{"line":312,"column":33}},{"start":{"line":312,"column":31},"end":{"line":312,"column":83}}]},"49":{"loc":{"start":{"line":312,"column":19},"end":{"line":312,"column":33}},"type":"binary-expr","locations":[{"start":{"line":312,"column":19},"end":{"line":312,"column":33}},{"start":{"line":312,"column":31},"end":{"line":312,"column":33}}]},"50":{"loc":{"start":{"line":316,"column":22},"end":{"line":331,"column":32}},"type":"binary-expr","locations":[{"start":{"line":316,"column":22},"end":{"line":331,"column":26}},{"start":{"line":331,"column":30},"end":{"line":331,"column":32}}]},"51":{"loc":{"start":{"line":316,"column":22},"end":{"line":331,"column":26}},"type":"cond-expr","locations":[{"start":{"line":316,"column":32},"end":{"line":316,"column":34}},{"start":{"line":316,"column":32},"end":{"line":331,"column":26}}]},"52":{"loc":{"start":{"line":316,"column":22},"end":{"line":316,"column":34}},"type":"binary-expr","locations":[{"start":{"line":316,"column":22},"end":{"line":316,"column":34}},{"start":{"line":316,"column":32},"end":{"line":316,"column":34}}]},"53":{"loc":{"start":{"line":317,"column":10},"end":{"line":330,"column":11}},"type":"switch","locations":[{"start":{"line":318,"column":12},"end":{"line":319,"column":42}},{"start":{"line":320,"column":12},"end":{"line":321,"column":44}},{"start":{"line":322,"column":12},"end":{"line":323,"column":47}},{"start":{"line":324,"column":12},"end":{"line":325,"column":42}},{"start":{"line":326,"column":12},"end":{"line":327,"column":26}},{"start":{"line":328,"column":12},"end":{"line":329,"column":26}}]},"54":{"loc":{"start":{"line":334,"column":25},"end":{"line":334,"column":78}},"type":"cond-expr","locations":[{"start":{"line":334,"column":35},"end":{"line":334,"column":37}},{"start":{"line":334,"column":35},"end":{"line":334,"column":78}}]},"55":{"loc":{"start":{"line":334,"column":25},"end":{"line":334,"column":37}},"type":"binary-expr","locations":[{"start":{"line":334,"column":25},"end":{"line":334,"column":37}},{"start":{"line":334,"column":35},"end":{"line":334,"column":37}}]},"56":{"loc":{"start":{"line":335,"column":8},"end":{"line":350,"column":9}},"type":"if","locations":[{"start":{"line":335,"column":8},"end":{"line":350,"column":9}},{"start":{},"end":{}}]},"57":{"loc":{"start":{"line":339,"column":19},"end":{"line":339,"column":45}},"type":"binary-expr","locations":[{"start":{"line":339,"column":19},"end":{"line":339,"column":39}},{"start":{"line":339,"column":43},"end":{"line":339,"column":45}}]},"58":{"loc":{"start":{"line":339,"column":19},"end":{"line":339,"column":39}},"type":"cond-expr","locations":[{"start":{"line":339,"column":33},"end":{"line":339,"column":35}},{"start":{"line":339,"column":33},"end":{"line":339,"column":39}}]},"59":{"loc":{"start":{"line":339,"column":19},"end":{"line":339,"column":35}},"type":"binary-expr","locations":[{"start":{"line":339,"column":19},"end":{"line":339,"column":35}},{"start":{"line":339,"column":33},"end":{"line":339,"column":35}}]},"60":{"loc":{"start":{"line":344,"column":23},"end":{"line":344,"column":38}},"type":"binary-expr","locations":[{"start":{"line":344,"column":23},"end":{"line":344,"column":32}},{"start":{"line":344,"column":36},"end":{"line":344,"column":38}}]},"61":{"loc":{"start":{"line":353,"column":30},"end":{"line":353,"column":81}},"type":"binary-expr","locations":[{"start":{"line":353,"column":30},"end":{"line":353,"column":39}},{"start":{"line":353,"column":43},"end":{"line":353,"column":81}}]},"62":{"loc":{"start":{"line":354,"column":8},"end":{"line":372,"column":9}},"type":"if","locations":[{"start":{"line":354,"column":8},"end":{"line":372,"column":9}},{"start":{},"end":{}}]},"63":{"loc":{"start":{"line":354,"column":12},"end":{"line":354,"column":84}},"type":"binary-expr","locations":[{"start":{"line":354,"column":12},"end":{"line":354,"column":25}},{"start":{"line":354,"column":29},"end":{"line":354,"column":82}}]},"64":{"loc":{"start":{"line":354,"column":29},"end":{"line":354,"column":82}},"type":"cond-expr","locations":[{"start":{"line":354,"column":39},"end":{"line":354,"column":41}},{"start":{"line":354,"column":39},"end":{"line":354,"column":82}}]},"65":{"loc":{"start":{"line":354,"column":29},"end":{"line":354,"column":41}},"type":"binary-expr","locations":[{"start":{"line":354,"column":29},"end":{"line":354,"column":41}},{"start":{"line":354,"column":39},"end":{"line":354,"column":41}}]},"66":{"loc":{"start":{"line":357,"column":26},"end":{"line":357,"column":61}},"type":"cond-expr","locations":[{"start":{"line":357,"column":34},"end":{"line":357,"column":49}},{"start":{"line":357,"column":52},"end":{"line":357,"column":61}}]},"67":{"loc":{"start":{"line":376,"column":17},"end":{"line":376,"column":32}},"type":"binary-expr","locations":[{"start":{"line":376,"column":17},"end":{"line":376,"column":26}},{"start":{"line":376,"column":30},"end":{"line":376,"column":32}}]},"68":{"loc":{"start":{"line":398,"column":2},"end":{"line":400,"column":3}},"type":"if","locations":[{"start":{"line":398,"column":2},"end":{"line":400,"column":3}},{"start":{},"end":{}}]},"69":{"loc":{"start":{"line":398,"column":6},"end":{"line":398,"column":47}},"type":"binary-expr","locations":[{"start":{"line":398,"column":6},"end":{"line":398,"column":15}},{"start":{"line":398,"column":19},"end":{"line":398,"column":47}}]},"70":{"loc":{"start":{"line":402,"column":2},"end":{"line":404,"column":3}},"type":"if","locations":[{"start":{"line":402,"column":2},"end":{"line":404,"column":3}},{"start":{},"end":{}}]},"71":{"loc":{"start":{"line":406,"column":2},"end":{"line":408,"column":3}},"type":"if","locations":[{"start":{"line":406,"column":2},"end":{"line":408,"column":3}},{"start":{},"end":{}}]},"72":{"loc":{"start":{"line":438,"column":4},"end":{"line":451,"column":5}},"type":"if","locations":[{"start":{"line":438,"column":4},"end":{"line":451,"column":5}},{"start":{},"end":{}}]},"73":{"loc":{"start":{"line":440,"column":6},"end":{"line":449,"column":7}},"type":"if","locations":[{"start":{"line":440,"column":6},"end":{"line":449,"column":7}},{"start":{},"end":{}}]},"74":{"loc":{"start":{"line":440,"column":10},"end":{"line":443,"column":42}},"type":"binary-expr","locations":[{"start":{"line":440,"column":10},"end":{"line":440,"column":46}},{"start":{"line":441,"column":10},"end":{"line":441,"column":40}},{"start":{"line":442,"column":10},"end":{"line":442,"column":42}},{"start":{"line":443,"column":10},"end":{"line":443,"column":42}}]},"75":{"loc":{"start":{"line":447,"column":19},"end":{"line":447,"column":114}},"type":"cond-expr","locations":[{"start":{"line":447,"column":42},"end":{"line":447,"column":44}},{"start":{"line":447,"column":42},"end":{"line":447,"column":114}}]},"76":{"loc":{"start":{"line":447,"column":19},"end":{"line":447,"column":44}},"type":"binary-expr","locations":[{"start":{"line":447,"column":19},"end":{"line":447,"column":44}},{"start":{"line":447,"column":42},"end":{"line":447,"column":44}}]},"77":{"loc":{"start":{"line":453,"column":4},"end":{"line":460,"column":5}},"type":"if","locations":[{"start":{"line":453,"column":4},"end":{"line":460,"column":5}},{"start":{},"end":{}}]},"78":{"loc":{"start":{"line":455,"column":29},"end":{"line":455,"column":99}},"type":"binary-expr","locations":[{"start":{"line":455,"column":29},"end":{"line":455,"column":93}},{"start":{"line":455,"column":97},"end":{"line":455,"column":99}}]},"79":{"loc":{"start":{"line":455,"column":29},"end":{"line":455,"column":93}},"type":"cond-expr","locations":[{"start":{"line":455,"column":43},"end":{"line":455,"column":45}},{"start":{"line":455,"column":43},"end":{"line":455,"column":93}}]},"80":{"loc":{"start":{"line":455,"column":29},"end":{"line":455,"column":45}},"type":"binary-expr","locations":[{"start":{"line":455,"column":29},"end":{"line":455,"column":45}},{"start":{"line":455,"column":43},"end":{"line":455,"column":45}}]},"81":{"loc":{"start":{"line":462,"column":4},"end":{"line":468,"column":5}},"type":"if","locations":[{"start":{"line":462,"column":4},"end":{"line":468,"column":5}},{"start":{},"end":{}}]},"82":{"loc":{"start":{"line":462,"column":8},"end":{"line":462,"column":41}},"type":"binary-expr","locations":[{"start":{"line":462,"column":8},"end":{"line":462,"column":25}},{"start":{"line":462,"column":29},"end":{"line":462,"column":41}}]},"83":{"loc":{"start":{"line":482,"column":4},"end":{"line":484,"column":5}},"type":"if","locations":[{"start":{"line":482,"column":4},"end":{"line":484,"column":5}},{"start":{},"end":{}}]},"84":{"loc":{"start":{"line":486,"column":4},"end":{"line":488,"column":5}},"type":"if","locations":[{"start":{"line":486,"column":4},"end":{"line":488,"column":5}},{"start":{},"end":{}}]},"85":{"loc":{"start":{"line":486,"column":8},"end":{"line":486,"column":41}},"type":"binary-expr","locations":[{"start":{"line":486,"column":8},"end":{"line":486,"column":25}},{"start":{"line":486,"column":29},"end":{"line":486,"column":41}}]},"86":{"loc":{"start":{"line":518,"column":4},"end":{"line":527,"column":5}},"type":"if","locations":[{"start":{"line":518,"column":4},"end":{"line":527,"column":5}},{"start":{"line":521,"column":11},"end":{"line":527,"column":5}}]},"87":{"loc":{"start":{"line":519,"column":22},"end":{"line":519,"column":47}},"type":"cond-expr","locations":[{"start":{"line":519,"column":43},"end":{"line":519,"column":45}},{"start":{"line":519,"column":43},"end":{"line":519,"column":47}}]},"88":{"loc":{"start":{"line":519,"column":22},"end":{"line":519,"column":45}},"type":"binary-expr","locations":[{"start":{"line":519,"column":22},"end":{"line":519,"column":45}},{"start":{"line":519,"column":43},"end":{"line":519,"column":45}}]},"89":{"loc":{"start":{"line":519,"column":22},"end":{"line":519,"column":43}},"type":"cond-expr","locations":[{"start":{"line":519,"column":38},"end":{"line":519,"column":40}},{"start":{"line":519,"column":38},"end":{"line":519,"column":43}}]},"90":{"loc":{"start":{"line":519,"column":22},"end":{"line":519,"column":40}},"type":"binary-expr","locations":[{"start":{"line":519,"column":22},"end":{"line":519,"column":40}},{"start":{"line":519,"column":38},"end":{"line":519,"column":40}}]},"91":{"loc":{"start":{"line":520,"column":6},"end":{"line":520,"column":41}},"type":"if","locations":[{"start":{"line":520,"column":6},"end":{"line":520,"column":41}},{"start":{},"end":{}}]},"92":{"loc":{"start":{"line":521,"column":11},"end":{"line":527,"column":5}},"type":"if","locations":[{"start":{"line":521,"column":11},"end":{"line":527,"column":5}},{"start":{"line":524,"column":11},"end":{"line":527,"column":5}}]},"93":{"loc":{"start":{"line":522,"column":22},"end":{"line":522,"column":47}},"type":"cond-expr","locations":[{"start":{"line":522,"column":43},"end":{"line":522,"column":45}},{"start":{"line":522,"column":43},"end":{"line":522,"column":47}}]},"94":{"loc":{"start":{"line":522,"column":22},"end":{"line":522,"column":45}},"type":"binary-expr","locations":[{"start":{"line":522,"column":22},"end":{"line":522,"column":45}},{"start":{"line":522,"column":43},"end":{"line":522,"column":45}}]},"95":{"loc":{"start":{"line":522,"column":22},"end":{"line":522,"column":43}},"type":"cond-expr","locations":[{"start":{"line":522,"column":38},"end":{"line":522,"column":40}},{"start":{"line":522,"column":38},"end":{"line":522,"column":43}}]},"96":{"loc":{"start":{"line":522,"column":22},"end":{"line":522,"column":40}},"type":"binary-expr","locations":[{"start":{"line":522,"column":22},"end":{"line":522,"column":40}},{"start":{"line":522,"column":38},"end":{"line":522,"column":40}}]},"97":{"loc":{"start":{"line":523,"column":6},"end":{"line":523,"column":40}},"type":"if","locations":[{"start":{"line":523,"column":6},"end":{"line":523,"column":40}},{"start":{},"end":{}}]},"98":{"loc":{"start":{"line":524,"column":11},"end":{"line":527,"column":5}},"type":"if","locations":[{"start":{"line":524,"column":11},"end":{"line":527,"column":5}},{"start":{},"end":{}}]},"99":{"loc":{"start":{"line":525,"column":22},"end":{"line":525,"column":47}},"type":"cond-expr","locations":[{"start":{"line":525,"column":43},"end":{"line":525,"column":45}},{"start":{"line":525,"column":43},"end":{"line":525,"column":47}}]},"100":{"loc":{"start":{"line":525,"column":22},"end":{"line":525,"column":45}},"type":"binary-expr","locations":[{"start":{"line":525,"column":22},"end":{"line":525,"column":45}},{"start":{"line":525,"column":43},"end":{"line":525,"column":45}}]},"101":{"loc":{"start":{"line":525,"column":22},"end":{"line":525,"column":43}},"type":"cond-expr","locations":[{"start":{"line":525,"column":38},"end":{"line":525,"column":40}},{"start":{"line":525,"column":38},"end":{"line":525,"column":43}}]},"102":{"loc":{"start":{"line":525,"column":22},"end":{"line":525,"column":40}},"type":"binary-expr","locations":[{"start":{"line":525,"column":22},"end":{"line":525,"column":40}},{"start":{"line":525,"column":38},"end":{"line":525,"column":40}}]},"103":{"loc":{"start":{"line":526,"column":6},"end":{"line":526,"column":47}},"type":"if","locations":[{"start":{"line":526,"column":6},"end":{"line":526,"column":47}},{"start":{},"end":{}}]},"104":{"loc":{"start":{"line":529,"column":4},"end":{"line":531,"column":5}},"type":"if","locations":[{"start":{"line":529,"column":4},"end":{"line":531,"column":5}},{"start":{},"end":{}}]},"105":{"loc":{"start":{"line":529,"column":8},"end":{"line":529,"column":41}},"type":"binary-expr","locations":[{"start":{"line":529,"column":8},"end":{"line":529,"column":25}},{"start":{"line":529,"column":29},"end":{"line":529,"column":41}}]}},"s":{"0":2,"1":2,"2":6,"3":16,"4":6,"5":5,"6":3,"7":3,"8":1,"9":1,"10":1,"11":1,"12":0,"13":0,"14":0,"15":0,"16":0,"17":0,"18":0,"19":0,"20":0,"21":0,"22":0,"23":0,"24":0,"25":0,"26":0,"27":0,"28":0,"29":0,"30":0,"31":0,"32":0,"33":0,"34":0,"35":0,"36":0,"37":1,"38":1,"39":0,"40":0,"41":0,"42":4,"43":4,"44":1,"45":1,"46":0,"47":0,"48":0,"49":0,"50":1,"51":4,"52":0,"53":0,"54":6,"55":2,"56":2,"57":3,"58":9,"59":3,"60":3,"61":2,"62":2,"63":1,"64":1,"65":1,"66":1,"67":1,"68":0,"69":0,"70":0,"71":0,"72":0,"73":0,"74":0,"75":0,"76":0,"77":0,"78":0,"79":0,"80":0,"81":0,"82":0,"83":0,"84":0,"85":3,"86":1,"87":0,"88":0,"89":0,"90":0,"91":1,"92":0,"93":3,"94":1,"95":3,"96":1,"97":2,"98":2,"99":0,"100":0,"101":0,"102":0,"103":2,"104":0,"105":0,"106":3,"107":2,"108":2,"109":6,"110":3,"111":3,"112":1,"113":2,"114":0,"115":2,"116":2,"117":2,"118":1,"119":2,"120":2,"121":0,"122":0,"123":0,"124":0,"125":0,"126":0,"127":0,"128":0,"129":0,"130":0,"131":0,"132":0,"133":0,"134":0,"135":0,"136":0,"137":0,"138":0,"139":2,"140":2,"141":0,"142":0,"143":0,"144":0,"145":0,"146":0,"147":0,"148":0,"149":2,"150":2,"151":0,"152":0,"153":0,"154":0,"155":2,"156":2,"157":0,"158":0,"159":0,"160":0,"161":0,"162":0,"163":0,"164":0,"165":0,"166":0,"167":0,"168":0,"169":0,"170":0,"171":0,"172":0,"173":0,"174":0,"175":0,"176":0,"177":0,"178":2},"f":{"0":6,"1":16,"2":5,"3":3,"4":1,"5":1,"6":0,"7":0,"8":0,"9":0,"10":0,"11":0,"12":0,"13":0,"14":0,"15":0,"16":0,"17":0,"18":1,"19":1,"20":1,"21":3,"22":9,"23":3,"24":2,"25":1,"26":0,"27":0,"28":0,"29":0,"30":0,"31":0,"32":0,"33":0,"34":1,"35":1,"36":0,"37":6,"38":1,"39":0,"40":0,"41":0,"42":0,"43":0,"44":0,"45":0,"46":0,"47":0,"48":0,"49":0,"50":0,"51":0},"b":{"0":[6,3,1,1,0,0,0,0,0,0,0,0,0,0,0,0,0,1,0,0,0,4,0],"1":[3,0],"2":[1,0],"3":[0,0],"4":[0,0],"5":[0,0],"6":[0,0],"7":[0,0],"8":[0,0],"9":[0,0],"10":[0,0],"11":[0,0],"12":[0,0],"13":[0,0],"14":[0,0],"15":[0,0],"16":[0,0],"17":[0,0],"18":[4,0],"19":[0,4],"20":[4,4],"21":[1,0,0,0,0],"22":[1,3],"23":[3,2,1,0,0,0,0,0,0,0,0,0,3,0],"24":[0,3],"25":[3,3],"26":[0,2],"27":[2,2],"28":[1,0],"29":[0,1],"30":[1,1],"31":[1,0],"32":[0,1],"33":[1,1],"34":[0,0],"35":[0,0],"36":[0,0],"37":[0,0],"38":[0,0],"39":[0,0],"40":[0,0],"41":[0,0],"42":[0,0],"43":[0,0],"44":[0,0],"45":[0,0],"46":[0,0],"47":[0,0],"48":[0,0],"49":[0,0],"50":[3,2],"51":[2,1],"52":[3,3],"53":[0,0,0,0,1,0],"54":[2,1],"55":[3,3],"56":[1,2],"57":[1,0],"58":[0,1],"59":[1,1],"60":[1,0],"61":[2,2],"62":[0,2],"63":[2,0],"64":[0,0],"65":[0,0],"66":[0,0],"67":[2,0],"68":[3,3],"69":[6,4],"70":[1,2],"71":[0,2],"72":[0,0],"73":[0,0],"74":[0,0,0,0],"75":[0,0],"76":[0,0],"77":[0,0],"78":[0,0],"79":[0,0],"80":[0,0],"81":[0,0],"82":[0,0],"83":[0,0],"84":[0,0],"85":[0,0],"86":[0,0],"87":[0,0],"88":[0,0],"89":[0,0],"90":[0,0],"91":[0,0],"92":[0,0],"93":[0,0],"94":[0,0],"95":[0,0],"96":[0,0],"97":[0,0],"98":[0,0],"99":[0,0],"100":[0,0],"101":[0,0],"102":[0,0],"103":[0,0],"104":[0,0],"105":[0,0]}}
}
