TN:
SF:src/components/ContentfulDocument.ts
FN:6,(anonymous_0)
FN:19,(anonymous_1)
FN:21,(anonymous_2)
FN:27,(anonymous_3)
FN:32,(anonymous_4)
FNF:5
FNH:0
FNDA:0,(anonymous_0)
FNDA:0,(anonymous_1)
FNDA:0,(anonymous_2)
FNDA:0,(anonymous_3)
FNDA:0,(anonymous_4)
DA:3,0
DA:7,0
DA:20,0
DA:23,0
DA:24,0
DA:25,0
DA:28,0
DA:29,0
DA:30,0
DA:33,0
DA:34,0
DA:35,0
LF:12
LH:0
BRF:0
BRH:0
end_of_record
TN:
SF:src/components/ContentfulEditor.tsx
FN:34,(anonymous_14)
FN:50,(anonymous_15)
FN:74,(anonymous_16)
FN:152,(anonymous_17)
FN:164,(anonymous_18)
FN:171,(anonymous_19)
FN:193,(anonymous_22)
FN:215,(anonymous_25)
FNF:8
FNH:4
FNDA:11,(anonymous_14)
FNDA:11,(anonymous_15)
FNDA:11,(anonymous_16)
FNDA:0,(anonymous_17)
FNDA:11,(anonymous_18)
FNDA:0,(anonymous_19)
FNDA:0,(anonymous_22)
FNDA:0,(anonymous_25)
DA:1,1
DA:2,1
DA:3,1
DA:4,1
DA:5,1
DA:6,1
DA:7,1
DA:8,1
DA:9,1
DA:11,1
DA:12,1
DA:13,1
DA:15,1
DA:34,1
DA:35,11
DA:36,11
DA:37,11
DA:38,11
DA:39,11
DA:40,11
DA:41,11
DA:42,11
DA:43,11
DA:44,11
DA:45,11
DA:46,11
DA:47,11
DA:48,11
DA:50,11
DA:51,11
DA:52,1
DA:54,10
DA:55,10
DA:56,10
DA:57,10
DA:58,10
DA:60,10
DA:74,11
DA:75,11
DA:76,11
DA:100,11
DA:101,10
DA:103,11
DA:104,11
DA:114,11
DA:115,11
DA:139,11
DA:142,11
DA:152,0
DA:153,0
DA:154,0
DA:155,0
DA:156,0
DA:158,0
DA:164,11
DA:165,11
DA:166,1
DA:167,1
DA:171,11
DA:172,0
DA:174,0
DA:175,0
DA:176,0
DA:188,0
DA:193,11
DA:194,0
DA:196,0
DA:197,0
DA:198,0
DA:210,0
DA:215,11
DA:216,0
DA:218,0
DA:219,0
DA:220,0
DA:227,0
DA:232,11
DA:239,11
DA:240,0
DA:247,11
DA:272,1
LF:81
LH:59
BRDA:40,0,0,10
BRDA:40,0,1,1
BRDA:41,1,0,10
BRDA:41,1,1,1
BRDA:42,2,0,10
BRDA:42,2,1,1
BRDA:44,3,0,10
BRDA:44,3,1,1
BRDA:45,4,0,10
BRDA:45,4,1,1
BRDA:46,5,0,10
BRDA:46,5,1,1
BRDA:47,6,0,10
BRDA:47,6,1,1
BRDA:48,7,0,10
BRDA:48,7,1,1
BRDA:51,8,0,1
BRDA:51,8,1,10
BRDA:55,9,0,0
BRDA:55,9,1,10
BRDA:56,10,0,1
BRDA:56,10,1,9
BRDA:57,11,0,1
BRDA:57,11,1,9
BRDA:78,12,0,11
BRDA:78,12,1,0
BRDA:81,13,0,11
BRDA:81,13,1,0
BRDA:82,14,0,10
BRDA:82,14,1,1
BRDA:83,15,0,11
BRDA:83,15,1,0
BRDA:88,16,0,11
BRDA:88,16,1,0
BRDA:93,17,0,11
BRDA:93,17,1,0
BRDA:100,18,0,10
BRDA:100,18,1,1
BRDA:103,19,0,11
BRDA:103,19,1,0
BRDA:114,20,0,11
BRDA:114,20,1,0
BRDA:144,21,0,1
BRDA:144,21,1,10
BRDA:153,22,0,0
BRDA:153,22,1,0
BRDA:165,23,0,1
BRDA:165,23,1,10
BRDA:165,24,0,11
BRDA:165,24,1,11
BRDA:172,25,0,0
BRDA:172,25,1,0
BRDA:172,26,0,0
BRDA:172,26,1,0
BRDA:172,26,2,0
BRDA:175,27,0,0
BRDA:175,27,1,0
BRDA:181,28,0,0
BRDA:181,28,1,0
BRDA:181,28,2,0
BRDA:181,29,0,0
BRDA:181,29,1,0
BRDA:181,30,0,0
BRDA:181,30,1,0
BRDA:181,31,0,0
BRDA:181,31,1,0
BRDA:181,32,0,0
BRDA:181,32,1,0
BRDA:194,33,0,0
BRDA:194,33,1,0
BRDA:194,34,0,0
BRDA:194,34,1,0
BRDA:194,34,2,0
BRDA:197,35,0,0
BRDA:197,35,1,0
BRDA:203,36,0,0
BRDA:203,36,1,0
BRDA:203,36,2,0
BRDA:203,37,0,0
BRDA:203,37,1,0
BRDA:203,38,0,0
BRDA:203,38,1,0
BRDA:203,39,0,0
BRDA:203,39,1,0
BRDA:203,40,0,0
BRDA:203,40,1,0
BRDA:216,41,0,0
BRDA:216,41,1,0
BRDA:216,42,0,0
BRDA:216,42,1,0
BRDA:216,42,2,0
BRDA:219,43,0,0
BRDA:219,43,1,0
BRDA:222,44,0,0
BRDA:222,44,1,0
BRDA:222,44,2,0
BRDA:222,45,0,0
BRDA:222,45,1,0
BRDA:222,46,0,0
BRDA:222,46,1,0
BRDA:222,47,0,0
BRDA:222,47,1,0
BRDA:222,48,0,0
BRDA:222,48,1,0
BRDA:235,49,0,1
BRDA:235,49,1,10
BRDA:239,50,0,0
BRDA:239,50,1,11
BRDA:249,51,0,11
BRDA:249,51,1,10
BRDA:252,52,0,10
BRDA:252,52,1,0
BRDA:253,53,0,10
BRDA:253,53,1,0
BRDA:254,54,0,10
BRDA:254,54,1,0
BRF:116
BRH:48
end_of_record
TN:
SF:src/components/ContentfulEmbedded.ts
FN:6,(anonymous_0)
FN:18,(anonymous_1)
FN:30,(anonymous_2)
FN:65,(anonymous_3)
FN:69,(anonymous_4)
FN:70,(anonymous_5)
FN:81,(anonymous_6)
FN:82,(anonymous_7)
FN:97,(anonymous_8)
FN:105,(anonymous_9)
FN:111,(anonymous_10)
FN:122,(anonymous_11)
FN:126,(anonymous_12)
FN:127,(anonymous_13)
FN:138,(anonymous_14)
FN:139,(anonymous_15)
FN:154,(anonymous_16)
FN:162,(anonymous_17)
FN:168,(anonymous_18)
FN:178,(anonymous_19)
FN:182,(anonymous_20)
FN:183,(anonymous_21)
FN:204,(anonymous_22)
FN:215,(anonymous_23)
FN:221,(anonymous_24)
FN:227,(anonymous_25)
FN:235,(anonymous_26)
FNF:27
FNH:0
FNDA:0,(anonymous_0)
FNDA:0,(anonymous_1)
FNDA:0,(anonymous_2)
FNDA:0,(anonymous_3)
FNDA:0,(anonymous_4)
FNDA:0,(anonymous_5)
FNDA:0,(anonymous_6)
FNDA:0,(anonymous_7)
FNDA:0,(anonymous_8)
FNDA:0,(anonymous_9)
FNDA:0,(anonymous_10)
FNDA:0,(anonymous_11)
FNDA:0,(anonymous_12)
FNDA:0,(anonymous_13)
FNDA:0,(anonymous_14)
FNDA:0,(anonymous_15)
FNDA:0,(anonymous_16)
FNDA:0,(anonymous_17)
FNDA:0,(anonymous_18)
FNDA:0,(anonymous_19)
FNDA:0,(anonymous_20)
FNDA:0,(anonymous_21)
FNDA:0,(anonymous_22)
FNDA:0,(anonymous_23)
FNDA:0,(anonymous_24)
FNDA:0,(anonymous_25)
FNDA:0,(anonymous_26)
DA:6,0
DA:7,0
DA:9,0
DA:18,0
DA:19,0
DA:21,0
DA:30,0
DA:31,0
DA:33,0
DA:34,0
DA:53,0
DA:60,0
DA:66,0
DA:69,0
DA:71,0
DA:72,0
DA:74,0
DA:81,0
DA:83,0
DA:84,0
DA:86,0
DA:98,0
DA:105,0
DA:106,0
DA:112,0
DA:116,0
DA:123,0
DA:126,0
DA:128,0
DA:129,0
DA:131,0
DA:138,0
DA:140,0
DA:141,0
DA:143,0
DA:155,0
DA:162,0
DA:163,0
DA:169,0
DA:173,0
DA:179,0
DA:182,0
DA:184,0
DA:185,0
DA:187,0
DA:205,0
DA:215,0
DA:216,0
DA:222,0
DA:227,0
DA:228,0
DA:235,0
DA:236,0
LF:53
LH:0
BRDA:14,0,0,0
BRDA:14,0,1,0
BRDA:26,1,0,0
BRDA:26,1,1,0
BRDA:33,2,0,0
BRDA:33,2,1,0
BRDA:33,3,0,0
BRDA:33,3,1,0
BRDA:33,3,2,0
BRDA:42,4,0,0
BRDA:42,4,1,0
BRDA:46,5,0,0
BRDA:46,5,1,0
BRDA:57,6,0,0
BRDA:57,6,1,0
BRDA:71,7,0,0
BRDA:71,7,1,0
BRDA:83,8,0,0
BRDA:83,8,1,0
BRDA:128,9,0,0
BRDA:128,9,1,0
BRDA:140,10,0,0
BRDA:140,10,1,0
BRDA:184,11,0,0
BRDA:184,11,1,0
BRDA:229,12,0,0
BRDA:229,12,1,0
BRDA:229,13,0,0
BRDA:229,13,1,0
BRDA:230,14,0,0
BRDA:230,14,1,0
BRDA:230,15,0,0
BRDA:230,15,1,0
BRDA:230,16,0,0
BRDA:230,16,1,0
BRDA:230,17,0,0
BRDA:230,17,1,0
BRDA:230,18,0,0
BRDA:230,18,1,0
BRDA:230,19,0,0
BRDA:230,19,1,0
BRDA:231,20,0,0
BRDA:231,20,1,0
BRDA:231,20,2,0
BRDA:231,21,0,0
BRDA:231,21,1,0
BRDA:231,22,0,0
BRDA:231,22,1,0
BRDA:231,23,0,0
BRDA:231,23,1,0
BRDA:231,24,0,0
BRDA:231,24,1,0
BRDA:231,25,0,0
BRDA:231,25,1,0
BRDA:231,26,0,0
BRDA:231,26,1,0
BRDA:237,27,0,0
BRDA:237,27,1,0
BRDA:237,28,0,0
BRDA:237,28,1,0
BRDA:238,29,0,0
BRDA:238,29,1,0
BRDA:238,30,0,0
BRDA:238,30,1,0
BRDA:238,31,0,0
BRDA:238,31,1,0
BRDA:238,32,0,0
BRDA:238,32,1,0
BRDA:238,33,0,0
BRDA:238,33,1,0
BRDA:238,34,0,0
BRDA:238,34,1,0
BRDA:238,35,0,0
BRDA:238,35,1,0
BRDA:239,36,0,0
BRDA:239,36,1,0
BRDA:239,37,0,0
BRDA:239,37,1,0
BRDA:239,38,0,0
BRDA:239,38,1,0
BRDA:239,39,0,0
BRDA:239,39,1,0
BRDA:240,40,0,0
BRDA:240,40,1,0
BRDA:240,41,0,0
BRDA:240,41,1,0
BRDA:240,42,0,0
BRDA:240,42,1,0
BRDA:240,43,0,0
BRDA:240,43,1,0
BRF:90
BRH:0
end_of_record
TN:
SF:src/components/Toolbar.tsx
FN:15,(anonymous_0)
FN:28,(anonymous_1)
FN:29,(anonymous_2)
FN:31,(anonymous_3)
FN:39,(anonymous_4)
FN:48,(anonymous_5)
FN:56,(anonymous_6)
FN:61,(anonymous_7)
FN:65,(anonymous_8)
FN:76,(anonymous_9)
FN:86,(anonymous_10)
FN:97,(anonymous_11)
FN:107,(anonymous_12)
FN:116,(anonymous_13)
FN:133,(anonymous_14)
FN:143,(anonymous_15)
FN:153,(anonymous_16)
FN:181,(anonymous_17)
FN:183,(anonymous_18)
FN:215,(anonymous_19)
FN:223,(anonymous_20)
FN:234,(anonymous_21)
FN:243,(anonymous_22)
FNF:23
FNH:14
FNDA:31,(anonymous_0)
FNDA:313,(anonymous_1)
FNDA:122,(anonymous_2)
FNDA:1,(anonymous_3)
FNDA:2,(anonymous_4)
FNDA:1,(anonymous_5)
FNDA:0,(anonymous_6)
FNDA:1,(anonymous_7)
FNDA:31,(anonymous_8)
FNDA:33,(anonymous_9)
FNDA:1,(anonymous_10)
FNDA:186,(anonymous_11)
FNDA:0,(anonymous_12)
FNDA:0,(anonymous_13)
FNDA:1,(anonymous_14)
FNDA:0,(anonymous_15)
FNDA:0,(anonymous_16)
FNDA:19,(anonymous_17)
FNDA:19,(anonymous_18)
FNDA:0,(anonymous_19)
FNDA:0,(anonymous_20)
FNDA:0,(anonymous_21)
FNDA:0,(anonymous_22)
DA:1,1
DA:15,1
DA:16,31
DA:17,31
DA:18,31
DA:19,31
DA:20,31
DA:21,31
DA:22,31
DA:23,31
DA:25,31
DA:26,31
DA:28,313
DA:29,122
DA:31,31
DA:32,1
DA:33,1
DA:35,0
DA:39,31
DA:40,2
DA:41,0
DA:43,2
DA:44,2
DA:48,31
DA:49,1
DA:50,1
DA:52,1
DA:53,1
DA:56,31
DA:57,0
DA:58,0
DA:61,31
DA:62,1
DA:65,31
DA:66,182
DA:67,182
DA:68,1
DA:71,30
DA:74,31
DA:75,31
DA:76,33
DA:78,31
DA:87,1
DA:88,1
DA:89,1
DA:91,0
DA:92,0
DA:97,186
DA:107,0
DA:116,0
DA:133,1
DA:143,0
DA:153,0
DA:181,19
DA:184,19
DA:185,0
DA:186,0
DA:188,19
DA:189,0
DA:190,0
DA:215,0
DA:223,0
DA:234,0
DA:243,0
LF:64
LH:46
BRDA:20,0,0,30
BRDA:20,0,1,1
BRDA:21,1,0,31
BRDA:21,1,1,0
BRDA:22,2,0,31
BRDA:22,2,1,0
BRDA:23,3,0,31
BRDA:23,3,1,0
BRDA:32,4,0,1
BRDA:32,4,1,0
BRDA:40,5,0,0
BRDA:40,5,1,2
BRDA:44,6,0,2
BRDA:44,6,1,2
BRDA:49,7,0,1
BRDA:49,7,1,0
BRDA:67,8,0,1
BRDA:67,8,1,181
BRDA:74,9,0,31
BRDA:74,9,1,31
BRDA:75,10,0,31
BRDA:75,10,1,30
BRDA:75,10,2,30
BRDA:76,11,0,33
BRDA:76,11,1,31
BRDA:82,12,0,31
BRDA:82,12,1,31
BRDA:88,13,0,1
BRDA:88,13,1,0
BRDA:125,14,0,31
BRDA:125,14,1,0
BRDA:125,14,2,31
BRDA:130,15,0,31
BRDA:130,15,1,30
BRDA:130,15,2,30
BRDA:132,16,0,0
BRDA:132,16,1,30
BRDA:140,17,0,31
BRDA:140,17,1,30
BRDA:140,17,2,30
BRDA:142,18,0,0
BRDA:142,18,1,30
BRDA:150,19,0,31
BRDA:150,19,1,31
BRDA:150,19,2,31
BRDA:152,20,0,0
BRDA:152,20,1,31
BRDA:167,21,0,31
BRDA:167,21,1,30
BRDA:167,21,2,30
BRDA:170,22,0,0
BRDA:170,22,1,30
BRDA:176,23,0,30
BRDA:176,23,1,21
BRDA:184,24,0,0
BRDA:184,24,1,19
BRDA:188,25,0,0
BRDA:188,25,1,19
BRDA:206,26,0,31
BRDA:206,26,1,0
BRDA:206,26,2,0
BRDA:206,26,3,31
BRDA:211,27,0,31
BRDA:211,27,1,31
BRDA:214,28,0,0
BRDA:214,28,1,31
BRDA:222,29,0,0
BRDA:222,29,1,31
BRDA:231,30,0,31
BRDA:231,30,1,31
BRDA:233,31,0,0
BRDA:233,31,1,31
BRDA:249,32,0,31
BRDA:249,32,1,31
BRDA:263,33,0,31
BRDA:263,33,1,1
BRDA:263,33,2,1
BRDA:273,34,0,1
BRDA:273,34,1,1
BRDA:281,35,0,1
BRDA:281,35,1,0
BRDA:289,36,0,1
BRDA:289,36,1,0
BRF:83
BRH:62
end_of_record
TN:
SF:src/utils/configParser.ts
FN:31,(anonymous_13)
FN:109,(anonymous_14)
FN:113,(anonymous_15)
FN:131,(anonymous_17)
FN:153,(anonymous_18)
FNF:5
FNH:1
FNDA:1,(anonymous_13)
FNDA:0,(anonymous_14)
FNDA:0,(anonymous_15)
FNDA:0,(anonymous_17)
FNDA:0,(anonymous_18)
DA:31,1
DA:35,1
DA:48,1
DA:49,1
DA:52,0
DA:53,0
DA:54,0
DA:57,0
DA:58,0
DA:59,0
DA:60,0
DA:63,0
DA:64,0
DA:65,0
DA:66,0
DA:67,0
DA:68,0
DA:69,0
DA:72,0
DA:73,0
DA:74,0
DA:75,0
DA:76,0
DA:77,0
DA:78,0
DA:81,0
DA:82,0
DA:83,0
DA:84,0
DA:85,0
DA:86,0
DA:87,0
DA:88,0
DA:89,0
DA:90,0
DA:92,0
DA:109,1
DA:113,0
DA:116,0
DA:126,0
DA:127,0
DA:130,0
DA:131,0
DA:133,0
DA:134,0
DA:135,0
DA:138,0
DA:145,0
DA:146,0
DA:153,1
DA:157,0
LF:51
LH:6
BRDA:48,0,0,1
BRDA:48,0,1,0
BRDA:48,1,0,1
BRDA:48,1,1,0
BRDA:48,2,0,1
BRDA:48,2,1,1
BRDA:48,3,0,0
BRDA:48,3,1,1
BRDA:48,4,0,1
BRDA:48,4,1,1
BRDA:53,5,0,0
BRDA:53,5,1,0
BRDA:54,6,0,0
BRDA:54,6,1,0
BRDA:58,7,0,0
BRDA:58,7,1,0
BRDA:59,8,0,0
BRDA:59,8,1,0
BRDA:60,9,0,0
BRDA:60,9,1,0
BRDA:64,10,0,0
BRDA:64,10,1,0
BRDA:65,11,0,0
BRDA:65,11,1,0
BRDA:66,12,0,0
BRDA:66,12,1,0
BRDA:67,13,0,0
BRDA:67,13,1,0
BRDA:68,14,0,0
BRDA:68,14,1,0
BRDA:69,15,0,0
BRDA:69,15,1,0
BRDA:77,16,0,0
BRDA:77,16,1,0
BRDA:78,17,0,0
BRDA:78,17,1,0
BRDA:82,18,0,0
BRDA:82,18,1,0
BRDA:83,19,0,0
BRDA:83,19,1,0
BRDA:84,20,0,0
BRDA:84,20,1,0
BRDA:85,21,0,0
BRDA:85,21,1,0
BRDA:86,22,0,0
BRDA:86,22,1,0
BRDA:87,23,0,0
BRDA:87,23,1,0
BRDA:88,24,0,0
BRDA:88,24,1,0
BRDA:89,25,0,0
BRDA:89,25,1,0
BRDA:90,26,0,0
BRDA:90,26,1,0
BRDA:90,27,0,0
BRDA:90,27,1,0
BRDA:90,27,2,0
BRDA:126,28,0,0
BRDA:126,28,1,0
BRDA:133,29,0,0
BRDA:133,29,1,0
BRDA:133,30,0,0
BRDA:133,30,1,0
BRDA:139,31,0,0
BRDA:139,31,1,0
BRDA:159,32,0,0
BRDA:159,32,1,0
BRDA:160,33,0,0
BRDA:160,33,1,0
BRF:69
BRH:7
end_of_record
TN:
SF:src/utils/contentfulTransform.ts
FN:23,(anonymous_2)
FN:24,(anonymous_3)
FN:29,(anonymous_4)
FN:35,(anonymous_5)
FN:42,(anonymous_6)
FN:49,(anonymous_7)
FN:56,(anonymous_8)
FN:63,(anonymous_9)
FN:70,(anonymous_10)
FN:77,(anonymous_11)
FN:83,(anonymous_12)
FN:89,(anonymous_13)
FN:95,(anonymous_14)
FN:101,(anonymous_15)
FN:112,(anonymous_16)
FN:118,(anonymous_17)
FN:124,(anonymous_18)
FN:130,(anonymous_19)
FN:136,(anonymous_20)
FN:181,(anonymous_21)
FN:194,(anonymous_22)
FN:217,(anonymous_23)
FN:218,(anonymous_24)
FN:224,(anonymous_25)
FN:231,(anonymous_26)
FN:249,(anonymous_27)
FN:256,(anonymous_28)
FN:263,(anonymous_29)
FN:270,(anonymous_30)
FN:277,(anonymous_31)
FN:291,(anonymous_32)
FN:298,(anonymous_33)
FN:305,(anonymous_34)
FN:312,(anonymous_35)
FN:316,(anonymous_36)
FN:334,(anonymous_37)
FN:354,(anonymous_38)
FN:397,(anonymous_39)
FN:416,(anonymous_40)
FN:431,(anonymous_41)
FN:436,(anonymous_42)
FN:447,(anonymous_43)
FN:455,(anonymous_44)
FN:463,(anonymous_45)
FN:480,(anonymous_46)
FN:481,(anonymous_47)
FN:487,(anonymous_48)
FN:499,(anonymous_49)
FN:501,(anonymous_50)
FN:508,(anonymous_51)
FN:517,(anonymous_52)
FN:530,(anonymous_53)
FNF:52
FNH:18
FNDA:6,(anonymous_2)
FNDA:16,(anonymous_3)
FNDA:5,(anonymous_4)
FNDA:3,(anonymous_5)
FNDA:1,(anonymous_6)
FNDA:1,(anonymous_7)
FNDA:0,(anonymous_8)
FNDA:0,(anonymous_9)
FNDA:0,(anonymous_10)
FNDA:0,(anonymous_11)
FNDA:0,(anonymous_12)
FNDA:0,(anonymous_13)
FNDA:0,(anonymous_14)
FNDA:0,(anonymous_15)
FNDA:0,(anonymous_16)
FNDA:0,(anonymous_17)
FNDA:0,(anonymous_18)
FNDA:0,(anonymous_19)
FNDA:1,(anonymous_20)
FNDA:1,(anonymous_21)
FNDA:1,(anonymous_22)
FNDA:3,(anonymous_23)
FNDA:9,(anonymous_24)
FNDA:3,(anonymous_25)
FNDA:2,(anonymous_26)
FNDA:1,(anonymous_27)
FNDA:0,(anonymous_28)
FNDA:0,(anonymous_29)
FNDA:0,(anonymous_30)
FNDA:0,(anonymous_31)
FNDA:0,(anonymous_32)
FNDA:0,(anonymous_33)
FNDA:0,(anonymous_34)
FNDA:0,(anonymous_35)
FNDA:1,(anonymous_36)
FNDA:1,(anonymous_37)
FNDA:0,(anonymous_38)
FNDA:6,(anonymous_39)
FNDA:1,(anonymous_40)
FNDA:0,(anonymous_41)
FNDA:0,(anonymous_42)
FNDA:0,(anonymous_43)
FNDA:0,(anonymous_44)
FNDA:0,(anonymous_45)
FNDA:0,(anonymous_46)
FNDA:0,(anonymous_47)
FNDA:0,(anonymous_48)
FNDA:0,(anonymous_49)
FNDA:0,(anonymous_50)
FNDA:0,(anonymous_51)
FNDA:0,(anonymous_52)
FNDA:0,(anonymous_53)
DA:1,2
DA:23,2
DA:24,6
DA:25,16
DA:27,6
DA:29,5
DA:33,3
DA:35,3
DA:39,1
DA:42,1
DA:46,1
DA:49,1
DA:53,0
DA:56,0
DA:60,0
DA:63,0
DA:67,0
DA:70,0
DA:74,0
DA:77,0
DA:81,0
DA:83,0
DA:87,0
DA:89,0
DA:93,0
DA:95,0
DA:99,0
DA:101,0
DA:105,0
DA:110,0
DA:112,0
DA:116,0
DA:118,0
DA:122,0
DA:124,0
DA:128,0
DA:130,0
DA:134,1
DA:137,1
DA:149,0
DA:156,0
DA:168,0
DA:180,4
DA:181,4
DA:182,1
DA:184,1
DA:186,0
DA:188,0
DA:190,0
DA:192,0
DA:194,1
DA:196,4
DA:203,0
DA:204,0
DA:211,6
DA:217,2
DA:218,3
DA:219,9
DA:221,3
DA:224,3
DA:228,2
DA:231,2
DA:235,1
DA:236,1
DA:244,1
DA:246,1
DA:249,1
DA:253,0
DA:256,0
DA:260,0
DA:263,0
DA:267,0
DA:270,0
DA:274,0
DA:277,0
DA:281,0
DA:288,0
DA:291,0
DA:295,0
DA:298,0
DA:302,0
DA:305,0
DA:309,0
DA:312,0
DA:316,3
DA:317,1
DA:319,0
DA:321,0
DA:323,0
DA:325,0
DA:327,1
DA:329,0
DA:334,3
DA:335,3
DA:336,1
DA:353,2
DA:354,2
DA:356,0
DA:357,0
DA:359,0
DA:374,2
DA:382,0
DA:383,0
DA:391,3
DA:397,2
DA:398,6
DA:399,3
DA:402,3
DA:403,1
DA:406,2
DA:407,0
DA:410,2
DA:416,2
DA:431,2
DA:436,0
DA:438,0
DA:440,0
DA:444,0
DA:447,0
DA:450,0
DA:453,0
DA:454,0
DA:455,0
DA:456,0
DA:462,0
DA:463,0
DA:464,0
DA:470,0
DA:473,0
DA:474,0
DA:480,2
DA:481,0
DA:482,0
DA:483,0
DA:486,0
DA:487,0
DA:490,0
DA:493,0
DA:499,2
DA:500,0
DA:501,0
DA:502,0
DA:508,2
DA:513,0
DA:514,0
DA:515,0
DA:517,0
DA:518,0
DA:519,0
DA:520,0
DA:521,0
DA:522,0
DA:523,0
DA:524,0
DA:525,0
DA:526,0
DA:529,0
DA:530,0
DA:534,0
DA:536,0
LF:160
LH:55
BRDA:25,0,0,6
BRDA:25,0,1,3
BRDA:25,0,2,1
BRDA:25,0,3,1
BRDA:25,0,4,0
BRDA:25,0,5,0
BRDA:25,0,6,0
BRDA:25,0,7,0
BRDA:25,0,8,0
BRDA:25,0,9,0
BRDA:25,0,10,0
BRDA:25,0,11,0
BRDA:25,0,12,0
BRDA:25,0,13,0
BRDA:25,0,14,0
BRDA:25,0,15,0
BRDA:25,0,16,0
BRDA:25,0,17,1
BRDA:25,0,18,0
BRDA:25,0,19,0
BRDA:25,0,20,0
BRDA:25,0,21,4
BRDA:25,0,22,0
BRDA:35,1,0,3
BRDA:35,1,1,0
BRDA:137,2,0,1
BRDA:137,2,1,0
BRDA:151,3,0,0
BRDA:151,3,1,0
BRDA:151,4,0,0
BRDA:151,4,1,0
BRDA:151,5,0,0
BRDA:151,5,1,0
BRDA:151,6,0,0
BRDA:151,6,1,0
BRDA:151,7,0,0
BRDA:151,7,1,0
BRDA:161,8,0,0
BRDA:161,8,1,0
BRDA:161,9,0,0
BRDA:161,9,1,0
BRDA:161,10,0,0
BRDA:161,10,1,0
BRDA:161,11,0,0
BRDA:161,11,1,0
BRDA:161,12,0,0
BRDA:161,12,1,0
BRDA:173,13,0,0
BRDA:173,13,1,0
BRDA:173,14,0,0
BRDA:173,14,1,0
BRDA:173,15,0,0
BRDA:173,15,1,0
BRDA:173,16,0,0
BRDA:173,16,1,0
BRDA:173,17,0,0
BRDA:173,17,1,0
BRDA:181,18,0,4
BRDA:181,18,1,0
BRDA:181,19,0,0
BRDA:181,19,1,4
BRDA:181,20,0,4
BRDA:181,20,1,4
BRDA:182,21,0,1
BRDA:182,21,1,0
BRDA:182,21,2,0
BRDA:182,21,3,0
BRDA:182,21,4,0
BRDA:199,22,0,1
BRDA:199,22,1,3
BRDA:219,23,0,3
BRDA:219,23,1,2
BRDA:219,23,2,1
BRDA:219,23,3,0
BRDA:219,23,4,0
BRDA:219,23,5,0
BRDA:219,23,6,0
BRDA:219,23,7,0
BRDA:219,23,8,0
BRDA:219,23,9,0
BRDA:219,23,10,0
BRDA:219,23,11,0
BRDA:219,23,12,3
BRDA:219,23,13,0
BRDA:224,24,0,0
BRDA:224,24,1,3
BRDA:224,25,0,3
BRDA:224,25,1,3
BRDA:231,26,0,0
BRDA:231,26,1,2
BRDA:231,27,0,2
BRDA:231,27,1,2
BRDA:235,28,0,1
BRDA:235,28,1,0
BRDA:235,29,0,0
BRDA:235,29,1,1
BRDA:235,30,0,1
BRDA:235,30,1,1
BRDA:244,31,0,1
BRDA:244,31,1,0
BRDA:249,32,0,0
BRDA:249,32,1,1
BRDA:249,33,0,1
BRDA:249,33,1,1
BRDA:256,34,0,0
BRDA:256,34,1,0
BRDA:256,35,0,0
BRDA:256,35,1,0
BRDA:263,36,0,0
BRDA:263,36,1,0
BRDA:263,37,0,0
BRDA:263,37,1,0
BRDA:270,38,0,0
BRDA:270,38,1,0
BRDA:270,39,0,0
BRDA:270,39,1,0
BRDA:277,40,0,0
BRDA:277,40,1,0
BRDA:277,41,0,0
BRDA:277,41,1,0
BRDA:291,42,0,0
BRDA:291,42,1,0
BRDA:291,43,0,0
BRDA:291,43,1,0
BRDA:298,44,0,0
BRDA:298,44,1,0
BRDA:298,45,0,0
BRDA:298,45,1,0
BRDA:305,46,0,0
BRDA:305,46,1,0
BRDA:305,47,0,0
BRDA:305,47,1,0
BRDA:312,48,0,0
BRDA:312,48,1,0
BRDA:312,49,0,0
BRDA:312,49,1,0
BRDA:316,50,0,3
BRDA:316,50,1,2
BRDA:316,51,0,2
BRDA:316,51,1,1
BRDA:316,52,0,3
BRDA:316,52,1,3
BRDA:317,53,0,0
BRDA:317,53,1,0
BRDA:317,53,2,0
BRDA:317,53,3,0
BRDA:317,53,4,1
BRDA:317,53,5,0
BRDA:334,54,0,2
BRDA:334,54,1,1
BRDA:334,55,0,3
BRDA:334,55,1,3
BRDA:335,56,0,1
BRDA:335,56,1,2
BRDA:339,57,0,1
BRDA:339,57,1,0
BRDA:339,58,0,0
BRDA:339,58,1,1
BRDA:339,59,0,1
BRDA:339,59,1,1
BRDA:344,60,0,1
BRDA:344,60,1,0
BRDA:353,61,0,2
BRDA:353,61,1,2
BRDA:354,62,0,0
BRDA:354,62,1,2
BRDA:354,63,0,2
BRDA:354,63,1,0
BRDA:354,64,0,0
BRDA:354,64,1,0
BRDA:354,65,0,0
BRDA:354,65,1,0
BRDA:357,66,0,0
BRDA:357,66,1,0
BRDA:376,67,0,2
BRDA:376,67,1,0
BRDA:398,68,0,3
BRDA:398,68,1,3
BRDA:398,69,0,6
BRDA:398,69,1,4
BRDA:402,70,0,1
BRDA:402,70,1,2
BRDA:406,71,0,0
BRDA:406,71,1,2
BRDA:438,72,0,0
BRDA:438,72,1,0
BRDA:440,73,0,0
BRDA:440,73,1,0
BRDA:440,74,0,0
BRDA:440,74,1,0
BRDA:440,74,2,0
BRDA:440,74,3,0
BRDA:447,75,0,0
BRDA:447,75,1,0
BRDA:447,76,0,0
BRDA:447,76,1,0
BRDA:453,77,0,0
BRDA:453,77,1,0
BRDA:455,78,0,0
BRDA:455,78,1,0
BRDA:455,79,0,0
BRDA:455,79,1,0
BRDA:455,80,0,0
BRDA:455,80,1,0
BRDA:462,81,0,0
BRDA:462,81,1,0
BRDA:462,82,0,0
BRDA:462,82,1,0
BRDA:482,83,0,0
BRDA:482,83,1,0
BRDA:486,84,0,0
BRDA:486,84,1,0
BRDA:486,85,0,0
BRDA:486,85,1,0
BRDA:518,86,0,0
BRDA:518,86,1,0
BRDA:519,87,0,0
BRDA:519,87,1,0
BRDA:519,88,0,0
BRDA:519,88,1,0
BRDA:519,89,0,0
BRDA:519,89,1,0
BRDA:519,90,0,0
BRDA:519,90,1,0
BRDA:520,91,0,0
BRDA:520,91,1,0
BRDA:521,92,0,0
BRDA:521,92,1,0
BRDA:522,93,0,0
BRDA:522,93,1,0
BRDA:522,94,0,0
BRDA:522,94,1,0
BRDA:522,95,0,0
BRDA:522,95,1,0
BRDA:522,96,0,0
BRDA:522,96,1,0
BRDA:523,97,0,0
BRDA:523,97,1,0
BRDA:524,98,0,0
BRDA:524,98,1,0
BRDA:525,99,0,0
BRDA:525,99,1,0
BRDA:525,100,0,0
BRDA:525,100,1,0
BRDA:525,101,0,0
BRDA:525,101,1,0
BRDA:525,102,0,0
BRDA:525,102,1,0
BRDA:526,103,0,0
BRDA:526,103,1,0
BRDA:529,104,0,0
BRDA:529,104,1,0
BRDA:529,105,0,0
BRDA:529,105,1,0
BRF:254
BRH:63
end_of_record
